2024-11-12 11:52:19 [main] INFO  c.b.BiCartMain - Starting BiCartMain using Java 21.0.4 with PID 4176 (C:\Users\gobi.jagadeesh\Desktop\Java\BiCart\target\classes started by gobi.jagadeesh in C:\Users\gobi.jagadeesh\Desktop\Java\BiCart)
2024-11-12 11:52:19 [main] INFO  c.b.BiCartMain - No active profile set, falling back to 1 default profile: "default"
2024-11-12 11:52:22 [main] INFO  o.s.d.r.c.RepositoryConfigurationDelegate - Bootstrapping Spring Data JPA repositories in DEFAULT mode.
2024-11-12 11:52:22 [main] INFO  o.s.d.r.c.RepositoryConfigurationDelegate - Finished Spring Data repository scanning in 291 ms. Found 13 JPA repository interfaces.
2024-11-12 11:52:24 [main] INFO  o.s.b.w.e.t.TomcatWebServer - Tomcat initialized with port 8080 (http)
2024-11-12 11:52:24 [main] INFO  o.a.c.c.StandardService - Starting service [Tomcat]
2024-11-12 11:52:24 [main] INFO  o.a.c.c.StandardEngine - Starting Servlet engine: [Apache Tomcat/10.1.30]
2024-11-12 11:52:25 [main] INFO  o.a.c.c.C.[.[.[/api] - Initializing Spring embedded WebApplicationContext
2024-11-12 11:52:25 [main] INFO  o.s.b.w.s.c.ServletWebServerApplicationContext - Root WebApplicationContext: initialization completed in 5442 ms
2024-11-12 11:52:25 [main] INFO  o.h.j.i.u.LogHelper - HHH000204: Processing PersistenceUnitInfo [name: default]
2024-11-12 11:52:25 [main] INFO  o.h.Version - HHH000412: Hibernate ORM core version 6.5.3.Final
2024-11-12 11:52:25 [main] INFO  o.h.c.i.RegionFactoryInitiator - HHH000026: Second-level cache disabled
2024-11-12 11:52:26 [main] INFO  o.s.o.j.p.SpringPersistenceUnitInfo - No LoadTimeWeaver setup: ignoring JPA class transformer
2024-11-12 11:52:27 [main] INFO  c.z.h.HikariDataSource - HikariPool-1 - Starting...
2024-11-12 11:52:28 [main] INFO  c.z.h.p.HikariPool - HikariPool-1 - Added connection com.mysql.cj.jdbc.ConnectionImpl@2b19b346
2024-11-12 11:52:28 [main] INFO  c.z.h.HikariDataSource - HikariPool-1 - Start completed.
2024-11-12 11:52:28 [main] WARN  o.h.o.deprecation - HHH90000025: MySQL8Dialect does not need to be specified explicitly using 'hibernate.dialect' (remove the property setting and it will be selected by default)
2024-11-12 11:52:28 [main] WARN  o.h.o.deprecation - HHH90000026: MySQL8Dialect has been deprecated; use org.hibernate.dialect.MySQLDialect instead
2024-11-12 11:52:31 [main] INFO  o.h.e.t.j.p.i.JtaPlatformInitiator - HHH000489: No JTA platform available (set 'hibernate.transaction.jta.platform' to enable JTA platform integration)
2024-11-12 11:52:32 [main] INFO  o.s.o.j.LocalContainerEntityManagerFactoryBean - Initialized JPA EntityManagerFactory for persistence unit 'default'
2024-11-12 11:52:33 [main] WARN  o.s.b.a.o.j.JpaBaseConfiguration$JpaWebConfiguration - spring.jpa.open-in-view is enabled by default. Therefore, database queries may be performed during view rendering. Explicitly configure spring.jpa.open-in-view to disable this warning
2024-11-12 11:52:34 [main] INFO  o.s.s.c.a.a.c.InitializeAuthenticationProviderBeanManagerConfigurer$InitializeAuthenticationProviderManagerConfigurer - Global AuthenticationManager configured with AuthenticationProvider bean with name provideAuthentication
2024-11-12 11:52:34 [main] WARN  o.s.s.c.a.a.c.InitializeUserDetailsBeanManagerConfigurer$InitializeUserDetailsManagerConfigurer - Global AuthenticationManager configured with an AuthenticationProvider bean. UserDetailsService beans will not be used for username/password login. Consider removing the AuthenticationProvider bean. Alternatively, consider using the UserDetailsService in a manually instantiated DaoAuthenticationProvider.
2024-11-12 11:52:35 [main] INFO  o.s.b.a.e.w.EndpointLinksResolver - Exposing 1 endpoint beneath base path '/actuator'
2024-11-12 11:52:36 [main] INFO  o.s.b.w.e.t.TomcatWebServer - Tomcat started on port 8080 (http) with context path '/api'
2024-11-12 11:52:36 [main] INFO  c.b.BiCartMain - Started BiCartMain in 18.37 seconds (process running for 19.979)
2024-11-12 11:52:37 [RMI TCP Connection(3)-192.168.16.208] INFO  o.a.c.c.C.[.[.[/api] - Initializing Spring DispatcherServlet 'dispatcherServlet'
2024-11-12 11:52:37 [RMI TCP Connection(3)-192.168.16.208] INFO  o.s.w.s.DispatcherServlet - Initializing Servlet 'dispatcherServlet'
2024-11-12 11:52:37 [RMI TCP Connection(3)-192.168.16.208] INFO  o.s.w.s.DispatcherServlet - Completed initialization in 22 ms
2024-11-12 11:55:11 [http-nio-8080-exec-8] INFO  c.b.s.UserService - Displayed user details for page : 0
2024-11-12 12:16:05 [http-nio-8080-exec-6] INFO  c.b.s.OrderService - Fetched orders for user id: 76568a93-2f7f-4830-8fbb-5c870433bba6
2024-11-12 12:19:28 [http-nio-8080-exec-9] INFO  c.b.s.UserService - Retrieved user for the given id: 76568a93-2f7f-4830-8fbb-5c870433bba6
2024-11-12 12:19:28 [http-nio-8080-exec-9] INFO  c.b.s.AddressService - Address saved successfully with the id : f7c76187-7252-4329-9716-cf56c86c4076 
2024-11-12 12:19:28 [http-nio-8080-exec-9] INFO  c.b.s.AddressService - Address added successfully with Id f7c76187-7252-4329-9716-cf56c86c4076
2024-11-12 12:19:33 [http-nio-8080-exec-2] INFO  c.b.s.AddressService - Retrieved address for the given user: 76568a93-2f7f-4830-8fbb-5c870433bba6
2024-11-12 12:19:33 [http-nio-8080-exec-2] INFO  c.b.s.OrderService - Order saved successfully with id: 5b8c32b6-8730-4e6b-b633-e9fe887d5b6b
2024-11-12 12:20:25 [SpringApplicationShutdownHook] INFO  o.s.o.j.LocalContainerEntityManagerFactoryBean - Closing JPA EntityManagerFactory for persistence unit 'default'
2024-11-12 12:20:25 [SpringApplicationShutdownHook] INFO  c.z.h.HikariDataSource - HikariPool-1 - Shutdown initiated...
2024-11-12 12:20:25 [SpringApplicationShutdownHook] INFO  c.z.h.HikariDataSource - HikariPool-1 - Shutdown completed.
2024-11-12 12:20:36 [main] INFO  c.b.BiCartMain - Starting BiCartMain using Java 21.0.4 with PID 4456 (C:\Users\gobi.jagadeesh\Desktop\Java\BiCart\target\classes started by gobi.jagadeesh in C:\Users\gobi.jagadeesh\Desktop\Java\BiCart)
2024-11-12 12:20:36 [main] INFO  c.b.BiCartMain - No active profile set, falling back to 1 default profile: "default"
2024-11-12 12:20:38 [main] INFO  o.s.d.r.c.RepositoryConfigurationDelegate - Bootstrapping Spring Data JPA repositories in DEFAULT mode.
2024-11-12 12:20:38 [main] INFO  o.s.d.r.c.RepositoryConfigurationDelegate - Finished Spring Data repository scanning in 178 ms. Found 13 JPA repository interfaces.
2024-11-12 12:20:40 [main] INFO  o.s.b.w.e.t.TomcatWebServer - Tomcat initialized with port 8080 (http)
2024-11-12 12:20:40 [main] INFO  o.a.c.c.StandardService - Starting service [Tomcat]
2024-11-12 12:20:40 [main] INFO  o.a.c.c.StandardEngine - Starting Servlet engine: [Apache Tomcat/10.1.30]
2024-11-12 12:20:40 [main] INFO  o.a.c.c.C.[.[.[/api] - Initializing Spring embedded WebApplicationContext
2024-11-12 12:20:40 [main] INFO  o.s.b.w.s.c.ServletWebServerApplicationContext - Root WebApplicationContext: initialization completed in 3649 ms
2024-11-12 12:20:40 [main] INFO  o.h.j.i.u.LogHelper - HHH000204: Processing PersistenceUnitInfo [name: default]
2024-11-12 12:20:40 [main] INFO  o.h.Version - HHH000412: Hibernate ORM core version 6.5.3.Final
2024-11-12 12:20:41 [main] INFO  o.h.c.i.RegionFactoryInitiator - HHH000026: Second-level cache disabled
2024-11-12 12:20:41 [main] INFO  o.s.o.j.p.SpringPersistenceUnitInfo - No LoadTimeWeaver setup: ignoring JPA class transformer
2024-11-12 12:20:41 [main] INFO  c.z.h.HikariDataSource - HikariPool-1 - Starting...
2024-11-12 12:20:42 [main] INFO  c.z.h.p.HikariPool - HikariPool-1 - Added connection com.mysql.cj.jdbc.ConnectionImpl@1e36baca
2024-11-12 12:20:42 [main] INFO  c.z.h.HikariDataSource - HikariPool-1 - Start completed.
2024-11-12 12:20:42 [main] WARN  o.h.o.deprecation - HHH90000025: MySQL8Dialect does not need to be specified explicitly using 'hibernate.dialect' (remove the property setting and it will be selected by default)
2024-11-12 12:20:42 [main] WARN  o.h.o.deprecation - HHH90000026: MySQL8Dialect has been deprecated; use org.hibernate.dialect.MySQLDialect instead
2024-11-12 12:20:44 [main] INFO  o.h.e.t.j.p.i.JtaPlatformInitiator - HHH000489: No JTA platform available (set 'hibernate.transaction.jta.platform' to enable JTA platform integration)
2024-11-12 12:20:44 [main] INFO  o.s.o.j.LocalContainerEntityManagerFactoryBean - Initialized JPA EntityManagerFactory for persistence unit 'default'
2024-11-12 12:20:45 [main] WARN  o.s.b.a.o.j.JpaBaseConfiguration$JpaWebConfiguration - spring.jpa.open-in-view is enabled by default. Therefore, database queries may be performed during view rendering. Explicitly configure spring.jpa.open-in-view to disable this warning
2024-11-12 12:20:45 [main] INFO  o.s.s.c.a.a.c.InitializeAuthenticationProviderBeanManagerConfigurer$InitializeAuthenticationProviderManagerConfigurer - Global AuthenticationManager configured with AuthenticationProvider bean with name provideAuthentication
2024-11-12 12:20:45 [main] WARN  o.s.s.c.a.a.c.InitializeUserDetailsBeanManagerConfigurer$InitializeUserDetailsManagerConfigurer - Global AuthenticationManager configured with an AuthenticationProvider bean. UserDetailsService beans will not be used for username/password login. Consider removing the AuthenticationProvider bean. Alternatively, consider using the UserDetailsService in a manually instantiated DaoAuthenticationProvider.
2024-11-12 12:20:47 [main] INFO  o.s.b.a.e.w.EndpointLinksResolver - Exposing 1 endpoint beneath base path '/actuator'
2024-11-12 12:20:47 [main] INFO  o.s.b.w.e.t.TomcatWebServer - Tomcat started on port 8080 (http) with context path '/api'
2024-11-12 12:20:47 [main] INFO  c.b.BiCartMain - Started BiCartMain in 11.979 seconds (process running for 13.158)
2024-11-12 12:20:48 [RMI TCP Connection(3)-192.168.16.208] INFO  o.a.c.c.C.[.[.[/api] - Initializing Spring DispatcherServlet 'dispatcherServlet'
2024-11-12 12:20:48 [RMI TCP Connection(3)-192.168.16.208] INFO  o.s.w.s.DispatcherServlet - Initializing Servlet 'dispatcherServlet'
2024-11-12 12:20:48 [RMI TCP Connection(3)-192.168.16.208] INFO  o.s.w.s.DispatcherServlet - Completed initialization in 3 ms
2024-11-12 12:21:57 [http-nio-8080-exec-3] INFO  c.b.s.AddressService - Retrieved address for the given user: 5f4d6265-5b4c-4015-bb52-154b8aa730d1
2024-11-12 12:22:43 [http-nio-8080-exec-5] INFO  c.b.s.AddressService - Retrieved address for the given user: 5f4d6265-5b4c-4015-bb52-154b8aa730d1
2024-11-12 12:23:13 [SpringApplicationShutdownHook] INFO  o.s.o.j.LocalContainerEntityManagerFactoryBean - Closing JPA EntityManagerFactory for persistence unit 'default'
2024-11-12 12:23:13 [SpringApplicationShutdownHook] INFO  c.z.h.HikariDataSource - HikariPool-1 - Shutdown initiated...
2024-11-12 12:23:13 [SpringApplicationShutdownHook] INFO  c.z.h.HikariDataSource - HikariPool-1 - Shutdown completed.
2024-11-12 12:23:23 [main] INFO  c.b.BiCartMain - Starting BiCartMain using Java 21.0.4 with PID 9808 (C:\Users\gobi.jagadeesh\Desktop\Java\BiCart\target\classes started by gobi.jagadeesh in C:\Users\gobi.jagadeesh\Desktop\Java\BiCart)
2024-11-12 12:23:23 [main] INFO  c.b.BiCartMain - No active profile set, falling back to 1 default profile: "default"
2024-11-12 12:23:25 [main] INFO  o.s.d.r.c.RepositoryConfigurationDelegate - Bootstrapping Spring Data JPA repositories in DEFAULT mode.
2024-11-12 12:23:25 [main] INFO  o.s.d.r.c.RepositoryConfigurationDelegate - Finished Spring Data repository scanning in 126 ms. Found 13 JPA repository interfaces.
2024-11-12 12:23:26 [main] INFO  o.s.b.w.e.t.TomcatWebServer - Tomcat initialized with port 8080 (http)
2024-11-12 12:23:26 [main] INFO  o.a.c.c.StandardService - Starting service [Tomcat]
2024-11-12 12:23:26 [main] INFO  o.a.c.c.StandardEngine - Starting Servlet engine: [Apache Tomcat/10.1.30]
2024-11-12 12:23:26 [main] INFO  o.a.c.c.C.[.[.[/api] - Initializing Spring embedded WebApplicationContext
2024-11-12 12:23:26 [main] INFO  o.s.b.w.s.c.ServletWebServerApplicationContext - Root WebApplicationContext: initialization completed in 3204 ms
2024-11-12 12:23:27 [main] INFO  o.h.j.i.u.LogHelper - HHH000204: Processing PersistenceUnitInfo [name: default]
2024-11-12 12:23:27 [main] INFO  o.h.Version - HHH000412: Hibernate ORM core version 6.5.3.Final
2024-11-12 12:23:27 [main] INFO  o.h.c.i.RegionFactoryInitiator - HHH000026: Second-level cache disabled
2024-11-12 12:23:28 [main] INFO  o.s.o.j.p.SpringPersistenceUnitInfo - No LoadTimeWeaver setup: ignoring JPA class transformer
2024-11-12 12:23:28 [main] INFO  c.z.h.HikariDataSource - HikariPool-1 - Starting...
2024-11-12 12:23:28 [main] INFO  c.z.h.p.HikariPool - HikariPool-1 - Added connection com.mysql.cj.jdbc.ConnectionImpl@5718e77c
2024-11-12 12:23:28 [main] INFO  c.z.h.HikariDataSource - HikariPool-1 - Start completed.
2024-11-12 12:23:28 [main] WARN  o.h.o.deprecation - HHH90000025: MySQL8Dialect does not need to be specified explicitly using 'hibernate.dialect' (remove the property setting and it will be selected by default)
2024-11-12 12:23:28 [main] WARN  o.h.o.deprecation - HHH90000026: MySQL8Dialect has been deprecated; use org.hibernate.dialect.MySQLDialect instead
2024-11-12 12:23:30 [main] INFO  o.h.e.t.j.p.i.JtaPlatformInitiator - HHH000489: No JTA platform available (set 'hibernate.transaction.jta.platform' to enable JTA platform integration)
2024-11-12 12:23:30 [main] INFO  o.s.o.j.LocalContainerEntityManagerFactoryBean - Initialized JPA EntityManagerFactory for persistence unit 'default'
2024-11-12 12:23:31 [main] WARN  o.s.b.a.o.j.JpaBaseConfiguration$JpaWebConfiguration - spring.jpa.open-in-view is enabled by default. Therefore, database queries may be performed during view rendering. Explicitly configure spring.jpa.open-in-view to disable this warning
2024-11-12 12:23:31 [main] INFO  o.s.s.c.a.a.c.InitializeAuthenticationProviderBeanManagerConfigurer$InitializeAuthenticationProviderManagerConfigurer - Global AuthenticationManager configured with AuthenticationProvider bean with name provideAuthentication
2024-11-12 12:23:31 [main] WARN  o.s.s.c.a.a.c.InitializeUserDetailsBeanManagerConfigurer$InitializeUserDetailsManagerConfigurer - Global AuthenticationManager configured with an AuthenticationProvider bean. UserDetailsService beans will not be used for username/password login. Consider removing the AuthenticationProvider bean. Alternatively, consider using the UserDetailsService in a manually instantiated DaoAuthenticationProvider.
2024-11-12 12:23:33 [main] INFO  o.s.b.a.e.w.EndpointLinksResolver - Exposing 1 endpoint beneath base path '/actuator'
2024-11-12 12:23:33 [main] INFO  o.s.b.w.e.t.TomcatWebServer - Tomcat started on port 8080 (http) with context path '/api'
2024-11-12 12:23:33 [main] INFO  c.b.BiCartMain - Started BiCartMain in 10.849 seconds (process running for 11.962)
2024-11-12 12:23:35 [RMI TCP Connection(1)-192.168.16.208] INFO  o.a.c.c.C.[.[.[/api] - Initializing Spring DispatcherServlet 'dispatcherServlet'
2024-11-12 12:23:35 [RMI TCP Connection(1)-192.168.16.208] INFO  o.s.w.s.DispatcherServlet - Initializing Servlet 'dispatcherServlet'
2024-11-12 12:23:35 [RMI TCP Connection(1)-192.168.16.208] INFO  o.s.w.s.DispatcherServlet - Completed initialization in 8 ms
2024-11-12 12:23:57 [http-nio-8080-exec-3] ERROR c.b.s.AddressService - Address not found for the given user: 5f4d6265-5b4c-4015-bb52-154b8aa730d1
2024-11-12 12:28:20 [SpringApplicationShutdownHook] INFO  o.s.o.j.LocalContainerEntityManagerFactoryBean - Closing JPA EntityManagerFactory for persistence unit 'default'
2024-11-12 12:28:20 [SpringApplicationShutdownHook] INFO  c.z.h.HikariDataSource - HikariPool-1 - Shutdown initiated...
2024-11-12 12:28:20 [SpringApplicationShutdownHook] INFO  c.z.h.HikariDataSource - HikariPool-1 - Shutdown completed.
2024-11-12 12:29:55 [main] INFO  c.b.BiCartMain - Starting BiCartMain using Java 21.0.4 with PID 5840 (C:\Users\gobi.jagadeesh\Desktop\Java\BiCart\target\classes started by gobi.jagadeesh in C:\Users\gobi.jagadeesh\Desktop\Java\BiCart)
2024-11-12 12:29:55 [main] INFO  c.b.BiCartMain - No active profile set, falling back to 1 default profile: "default"
2024-11-12 12:29:57 [main] INFO  o.s.d.r.c.RepositoryConfigurationDelegate - Bootstrapping Spring Data JPA repositories in DEFAULT mode.
2024-11-12 12:29:57 [main] INFO  o.s.d.r.c.RepositoryConfigurationDelegate - Finished Spring Data repository scanning in 98 ms. Found 13 JPA repository interfaces.
2024-11-12 12:29:57 [main] INFO  o.s.b.w.e.t.TomcatWebServer - Tomcat initialized with port 8080 (http)
2024-11-12 12:29:57 [main] INFO  o.a.c.c.StandardService - Starting service [Tomcat]
2024-11-12 12:29:57 [main] INFO  o.a.c.c.StandardEngine - Starting Servlet engine: [Apache Tomcat/10.1.30]
2024-11-12 12:29:58 [main] INFO  o.a.c.c.C.[.[.[/api] - Initializing Spring embedded WebApplicationContext
2024-11-12 12:29:58 [main] INFO  o.s.b.w.s.c.ServletWebServerApplicationContext - Root WebApplicationContext: initialization completed in 2642 ms
2024-11-12 12:29:58 [main] INFO  o.h.j.i.u.LogHelper - HHH000204: Processing PersistenceUnitInfo [name: default]
2024-11-12 12:29:58 [main] INFO  o.h.Version - HHH000412: Hibernate ORM core version 6.5.3.Final
2024-11-12 12:29:58 [main] INFO  o.h.c.i.RegionFactoryInitiator - HHH000026: Second-level cache disabled
2024-11-12 12:29:58 [main] INFO  o.s.o.j.p.SpringPersistenceUnitInfo - No LoadTimeWeaver setup: ignoring JPA class transformer
2024-11-12 12:29:58 [main] INFO  c.z.h.HikariDataSource - HikariPool-1 - Starting...
2024-11-12 12:29:59 [main] INFO  c.z.h.p.HikariPool - HikariPool-1 - Added connection com.mysql.cj.jdbc.ConnectionImpl@3c8dea0b
2024-11-12 12:29:59 [main] INFO  c.z.h.HikariDataSource - HikariPool-1 - Start completed.
2024-11-12 12:29:59 [main] WARN  o.h.o.deprecation - HHH90000025: MySQL8Dialect does not need to be specified explicitly using 'hibernate.dialect' (remove the property setting and it will be selected by default)
2024-11-12 12:29:59 [main] WARN  o.h.o.deprecation - HHH90000026: MySQL8Dialect has been deprecated; use org.hibernate.dialect.MySQLDialect instead
2024-11-12 12:30:01 [main] INFO  o.h.e.t.j.p.i.JtaPlatformInitiator - HHH000489: No JTA platform available (set 'hibernate.transaction.jta.platform' to enable JTA platform integration)
2024-11-12 12:30:01 [main] INFO  o.s.o.j.LocalContainerEntityManagerFactoryBean - Initialized JPA EntityManagerFactory for persistence unit 'default'
2024-11-12 12:30:01 [main] WARN  o.s.b.a.o.j.JpaBaseConfiguration$JpaWebConfiguration - spring.jpa.open-in-view is enabled by default. Therefore, database queries may be performed during view rendering. Explicitly configure spring.jpa.open-in-view to disable this warning
2024-11-12 12:30:01 [main] INFO  o.s.s.c.a.a.c.InitializeAuthenticationProviderBeanManagerConfigurer$InitializeAuthenticationProviderManagerConfigurer - Global AuthenticationManager configured with AuthenticationProvider bean with name provideAuthentication
2024-11-12 12:30:01 [main] WARN  o.s.s.c.a.a.c.InitializeUserDetailsBeanManagerConfigurer$InitializeUserDetailsManagerConfigurer - Global AuthenticationManager configured with an AuthenticationProvider bean. UserDetailsService beans will not be used for username/password login. Consider removing the AuthenticationProvider bean. Alternatively, consider using the UserDetailsService in a manually instantiated DaoAuthenticationProvider.
2024-11-12 12:30:02 [main] INFO  o.s.b.a.e.w.EndpointLinksResolver - Exposing 1 endpoint beneath base path '/actuator'
2024-11-12 12:30:03 [main] INFO  o.s.b.w.e.t.TomcatWebServer - Tomcat started on port 8080 (http) with context path '/api'
2024-11-12 12:30:03 [main] INFO  c.b.BiCartMain - Started BiCartMain in 8.824 seconds (process running for 9.83)
2024-11-12 12:30:04 [RMI TCP Connection(3)-192.168.16.208] INFO  o.a.c.c.C.[.[.[/api] - Initializing Spring DispatcherServlet 'dispatcherServlet'
2024-11-12 12:30:04 [RMI TCP Connection(3)-192.168.16.208] INFO  o.s.w.s.DispatcherServlet - Initializing Servlet 'dispatcherServlet'
2024-11-12 12:30:04 [RMI TCP Connection(3)-192.168.16.208] INFO  o.s.w.s.DispatcherServlet - Completed initialization in 3 ms
2024-11-12 12:49:01 [main] INFO  c.b.BiCartMain - Starting BiCartMain using Java 21.0.4 with PID 3360 (C:\Users\gobi.jagadeesh\Desktop\Java\BiCart\target\classes started by gobi.jagadeesh in C:\Users\gobi.jagadeesh\Desktop\Java\BiCart)
2024-11-12 12:49:01 [main] INFO  c.b.BiCartMain - No active profile set, falling back to 1 default profile: "default"
2024-11-12 12:49:04 [main] INFO  o.s.d.r.c.RepositoryConfigurationDelegate - Bootstrapping Spring Data JPA repositories in DEFAULT mode.
2024-11-12 12:49:04 [main] INFO  o.s.d.r.c.RepositoryConfigurationDelegate - Finished Spring Data repository scanning in 135 ms. Found 13 JPA repository interfaces.
2024-11-12 12:49:05 [main] INFO  o.s.b.w.e.t.TomcatWebServer - Tomcat initialized with port 8080 (http)
2024-11-12 12:49:05 [main] INFO  o.a.c.c.StandardService - Starting service [Tomcat]
2024-11-12 12:49:05 [main] INFO  o.a.c.c.StandardEngine - Starting Servlet engine: [Apache Tomcat/10.1.30]
2024-11-12 12:49:05 [main] INFO  o.a.c.c.C.[.[.[/api] - Initializing Spring embedded WebApplicationContext
2024-11-12 12:49:05 [main] INFO  o.s.b.w.s.c.ServletWebServerApplicationContext - Root WebApplicationContext: initialization completed in 3443 ms
2024-11-12 12:49:05 [main] INFO  o.h.j.i.u.LogHelper - HHH000204: Processing PersistenceUnitInfo [name: default]
2024-11-12 12:49:05 [main] INFO  o.h.Version - HHH000412: Hibernate ORM core version 6.5.3.Final
2024-11-12 12:49:05 [main] INFO  o.h.c.i.RegionFactoryInitiator - HHH000026: Second-level cache disabled
2024-11-12 12:49:06 [main] INFO  o.s.o.j.p.SpringPersistenceUnitInfo - No LoadTimeWeaver setup: ignoring JPA class transformer
2024-11-12 12:49:06 [main] INFO  c.z.h.HikariDataSource - HikariPool-1 - Starting...
2024-11-12 12:49:06 [main] INFO  c.z.h.p.HikariPool - HikariPool-1 - Added connection com.mysql.cj.jdbc.ConnectionImpl@e890591
2024-11-12 12:49:06 [main] INFO  c.z.h.HikariDataSource - HikariPool-1 - Start completed.
2024-11-12 12:49:06 [main] WARN  o.h.o.deprecation - HHH90000025: MySQL8Dialect does not need to be specified explicitly using 'hibernate.dialect' (remove the property setting and it will be selected by default)
2024-11-12 12:49:06 [main] WARN  o.h.o.deprecation - HHH90000026: MySQL8Dialect has been deprecated; use org.hibernate.dialect.MySQLDialect instead
2024-11-12 12:49:08 [main] INFO  o.h.e.t.j.p.i.JtaPlatformInitiator - HHH000489: No JTA platform available (set 'hibernate.transaction.jta.platform' to enable JTA platform integration)
2024-11-12 12:49:08 [main] INFO  o.s.o.j.LocalContainerEntityManagerFactoryBean - Initialized JPA EntityManagerFactory for persistence unit 'default'
2024-11-12 12:49:09 [main] WARN  o.s.b.a.o.j.JpaBaseConfiguration$JpaWebConfiguration - spring.jpa.open-in-view is enabled by default. Therefore, database queries may be performed during view rendering. Explicitly configure spring.jpa.open-in-view to disable this warning
2024-11-12 12:49:09 [main] INFO  o.s.s.c.a.a.c.InitializeAuthenticationProviderBeanManagerConfigurer$InitializeAuthenticationProviderManagerConfigurer - Global AuthenticationManager configured with AuthenticationProvider bean with name provideAuthentication
2024-11-12 12:49:09 [main] WARN  o.s.s.c.a.a.c.InitializeUserDetailsBeanManagerConfigurer$InitializeUserDetailsManagerConfigurer - Global AuthenticationManager configured with an AuthenticationProvider bean. UserDetailsService beans will not be used for username/password login. Consider removing the AuthenticationProvider bean. Alternatively, consider using the UserDetailsService in a manually instantiated DaoAuthenticationProvider.
2024-11-12 12:49:10 [main] INFO  o.s.b.a.e.w.EndpointLinksResolver - Exposing 1 endpoint beneath base path '/actuator'
2024-11-12 12:49:11 [main] WARN  o.s.b.w.s.c.AnnotationConfigServletWebServerApplicationContext - Exception encountered during context initialization - cancelling refresh attempt: org.springframework.context.ApplicationContextException: Failed to start bean 'webServerStartStop'
2024-11-12 12:49:11 [main] INFO  o.s.o.j.LocalContainerEntityManagerFactoryBean - Closing JPA EntityManagerFactory for persistence unit 'default'
2024-11-12 12:49:11 [main] INFO  c.z.h.HikariDataSource - HikariPool-1 - Shutdown initiated...
2024-11-12 12:49:11 [main] INFO  c.z.h.HikariDataSource - HikariPool-1 - Shutdown completed.
2024-11-12 12:49:11 [main] INFO  o.s.b.a.l.ConditionEvaluationReportLogger - 

Error starting ApplicationContext. To display the condition evaluation report re-run your application with 'debug' enabled.
2024-11-12 12:49:11 [main] ERROR o.s.b.d.LoggingFailureAnalysisReporter - 

***************************
APPLICATION FAILED TO START
***************************

Description:

Web server failed to start. Port 8080 was already in use.

Action:

Identify and stop the process that's listening on port 8080 or configure this application to listen on another port.

2024-11-12 12:50:22 [main] INFO  c.b.BiCartMain - Starting BiCartMain using Java 21.0.4 with PID 12116 (C:\Users\gobi.jagadeesh\Desktop\Java\BiCart\target\classes started by gobi.jagadeesh in C:\Users\gobi.jagadeesh\Desktop\Java\BiCart)
2024-11-12 12:50:22 [main] INFO  c.b.BiCartMain - No active profile set, falling back to 1 default profile: "default"
2024-11-12 12:50:25 [main] INFO  o.s.d.r.c.RepositoryConfigurationDelegate - Bootstrapping Spring Data JPA repositories in DEFAULT mode.
2024-11-12 12:50:25 [main] INFO  o.s.d.r.c.RepositoryConfigurationDelegate - Finished Spring Data repository scanning in 198 ms. Found 13 JPA repository interfaces.
2024-11-12 12:50:28 [main] INFO  o.s.b.w.e.t.TomcatWebServer - Tomcat initialized with port 8080 (http)
2024-11-12 12:50:28 [main] INFO  o.a.c.c.StandardService - Starting service [Tomcat]
2024-11-12 12:50:28 [main] INFO  o.a.c.c.StandardEngine - Starting Servlet engine: [Apache Tomcat/10.1.30]
2024-11-12 12:50:28 [main] INFO  o.a.c.c.C.[.[.[/api] - Initializing Spring embedded WebApplicationContext
2024-11-12 12:50:28 [main] INFO  o.s.b.w.s.c.ServletWebServerApplicationContext - Root WebApplicationContext: initialization completed in 5434 ms
2024-11-12 12:50:29 [main] INFO  o.h.j.i.u.LogHelper - HHH000204: Processing PersistenceUnitInfo [name: default]
2024-11-12 12:50:29 [main] INFO  o.h.Version - HHH000412: Hibernate ORM core version 6.5.3.Final
2024-11-12 12:50:29 [main] INFO  o.h.c.i.RegionFactoryInitiator - HHH000026: Second-level cache disabled
2024-11-12 12:50:30 [main] INFO  o.s.o.j.p.SpringPersistenceUnitInfo - No LoadTimeWeaver setup: ignoring JPA class transformer
2024-11-12 12:50:30 [main] INFO  c.z.h.HikariDataSource - HikariPool-1 - Starting...
2024-11-12 12:50:30 [main] INFO  c.z.h.p.HikariPool - HikariPool-1 - Added connection com.mysql.cj.jdbc.ConnectionImpl@75784062
2024-11-12 12:50:30 [main] INFO  c.z.h.HikariDataSource - HikariPool-1 - Start completed.
2024-11-12 12:50:30 [main] WARN  o.h.o.deprecation - HHH90000025: MySQL8Dialect does not need to be specified explicitly using 'hibernate.dialect' (remove the property setting and it will be selected by default)
2024-11-12 12:50:30 [main] WARN  o.h.o.deprecation - HHH90000026: MySQL8Dialect has been deprecated; use org.hibernate.dialect.MySQLDialect instead
2024-11-12 12:50:34 [main] INFO  o.h.e.t.j.p.i.JtaPlatformInitiator - HHH000489: No JTA platform available (set 'hibernate.transaction.jta.platform' to enable JTA platform integration)
2024-11-12 12:50:34 [main] INFO  o.s.o.j.LocalContainerEntityManagerFactoryBean - Initialized JPA EntityManagerFactory for persistence unit 'default'
2024-11-12 12:50:35 [main] WARN  o.s.b.a.o.j.JpaBaseConfiguration$JpaWebConfiguration - spring.jpa.open-in-view is enabled by default. Therefore, database queries may be performed during view rendering. Explicitly configure spring.jpa.open-in-view to disable this warning
2024-11-12 12:50:36 [main] INFO  o.s.s.c.a.a.c.InitializeAuthenticationProviderBeanManagerConfigurer$InitializeAuthenticationProviderManagerConfigurer - Global AuthenticationManager configured with AuthenticationProvider bean with name provideAuthentication
2024-11-12 12:50:36 [main] WARN  o.s.s.c.a.a.c.InitializeUserDetailsBeanManagerConfigurer$InitializeUserDetailsManagerConfigurer - Global AuthenticationManager configured with an AuthenticationProvider bean. UserDetailsService beans will not be used for username/password login. Consider removing the AuthenticationProvider bean. Alternatively, consider using the UserDetailsService in a manually instantiated DaoAuthenticationProvider.
2024-11-12 12:50:38 [main] INFO  o.s.b.a.e.w.EndpointLinksResolver - Exposing 1 endpoint beneath base path '/actuator'
2024-11-12 12:50:40 [main] WARN  o.s.b.w.s.c.AnnotationConfigServletWebServerApplicationContext - Exception encountered during context initialization - cancelling refresh attempt: org.springframework.context.ApplicationContextException: Failed to start bean 'webServerStartStop'
2024-11-12 12:50:40 [main] INFO  o.s.o.j.LocalContainerEntityManagerFactoryBean - Closing JPA EntityManagerFactory for persistence unit 'default'
2024-11-12 12:50:40 [main] INFO  c.z.h.HikariDataSource - HikariPool-1 - Shutdown initiated...
2024-11-12 12:50:40 [main] INFO  c.z.h.HikariDataSource - HikariPool-1 - Shutdown completed.
2024-11-12 12:50:40 [main] INFO  o.s.b.a.l.ConditionEvaluationReportLogger - 

Error starting ApplicationContext. To display the condition evaluation report re-run your application with 'debug' enabled.
2024-11-12 12:50:40 [main] ERROR o.s.b.d.LoggingFailureAnalysisReporter - 

***************************
APPLICATION FAILED TO START
***************************

Description:

Web server failed to start. Port 8080 was already in use.

Action:

Identify and stop the process that's listening on port 8080 or configure this application to listen on another port.

2024-11-12 12:51:09 [main] INFO  c.b.BiCartMain - Starting BiCartMain using Java 21.0.4 with PID 2460 (C:\Users\gobi.jagadeesh\Desktop\Java\BiCart\target\classes started by gobi.jagadeesh in C:\Users\gobi.jagadeesh\Desktop\Java\BiCart)
2024-11-12 12:51:09 [main] INFO  c.b.BiCartMain - No active profile set, falling back to 1 default profile: "default"
2024-11-12 12:51:12 [main] INFO  o.s.d.r.c.RepositoryConfigurationDelegate - Bootstrapping Spring Data JPA repositories in DEFAULT mode.
2024-11-12 12:51:12 [main] INFO  o.s.d.r.c.RepositoryConfigurationDelegate - Finished Spring Data repository scanning in 115 ms. Found 13 JPA repository interfaces.
2024-11-12 12:51:13 [main] INFO  o.s.b.w.e.t.TomcatWebServer - Tomcat initialized with port 8080 (http)
2024-11-12 12:51:13 [main] INFO  o.a.c.c.StandardService - Starting service [Tomcat]
2024-11-12 12:51:13 [main] INFO  o.a.c.c.StandardEngine - Starting Servlet engine: [Apache Tomcat/10.1.30]
2024-11-12 12:51:13 [main] INFO  o.a.c.c.C.[.[.[/api] - Initializing Spring embedded WebApplicationContext
2024-11-12 12:51:13 [main] INFO  o.s.b.w.s.c.ServletWebServerApplicationContext - Root WebApplicationContext: initialization completed in 3920 ms
2024-11-12 12:51:13 [main] INFO  o.h.j.i.u.LogHelper - HHH000204: Processing PersistenceUnitInfo [name: default]
2024-11-12 12:51:14 [main] INFO  o.h.Version - HHH000412: Hibernate ORM core version 6.5.3.Final
2024-11-12 12:51:14 [main] INFO  o.h.c.i.RegionFactoryInitiator - HHH000026: Second-level cache disabled
2024-11-12 12:51:14 [main] INFO  o.s.o.j.p.SpringPersistenceUnitInfo - No LoadTimeWeaver setup: ignoring JPA class transformer
2024-11-12 12:51:14 [main] INFO  c.z.h.HikariDataSource - HikariPool-1 - Starting...
2024-11-12 12:51:14 [main] INFO  c.z.h.p.HikariPool - HikariPool-1 - Added connection com.mysql.cj.jdbc.ConnectionImpl@5e8698c0
2024-11-12 12:51:14 [main] INFO  c.z.h.HikariDataSource - HikariPool-1 - Start completed.
2024-11-12 12:51:15 [main] WARN  o.h.o.deprecation - HHH90000025: MySQL8Dialect does not need to be specified explicitly using 'hibernate.dialect' (remove the property setting and it will be selected by default)
2024-11-12 12:51:15 [main] WARN  o.h.o.deprecation - HHH90000026: MySQL8Dialect has been deprecated; use org.hibernate.dialect.MySQLDialect instead
2024-11-12 12:51:16 [main] INFO  o.h.e.t.j.p.i.JtaPlatformInitiator - HHH000489: No JTA platform available (set 'hibernate.transaction.jta.platform' to enable JTA platform integration)
2024-11-12 12:51:17 [main] INFO  o.s.o.j.LocalContainerEntityManagerFactoryBean - Initialized JPA EntityManagerFactory for persistence unit 'default'
2024-11-12 12:51:17 [main] WARN  o.s.b.a.o.j.JpaBaseConfiguration$JpaWebConfiguration - spring.jpa.open-in-view is enabled by default. Therefore, database queries may be performed during view rendering. Explicitly configure spring.jpa.open-in-view to disable this warning
2024-11-12 12:51:17 [main] INFO  o.s.s.c.a.a.c.InitializeAuthenticationProviderBeanManagerConfigurer$InitializeAuthenticationProviderManagerConfigurer - Global AuthenticationManager configured with AuthenticationProvider bean with name provideAuthentication
2024-11-12 12:51:18 [main] WARN  o.s.s.c.a.a.c.InitializeUserDetailsBeanManagerConfigurer$InitializeUserDetailsManagerConfigurer - Global AuthenticationManager configured with an AuthenticationProvider bean. UserDetailsService beans will not be used for username/password login. Consider removing the AuthenticationProvider bean. Alternatively, consider using the UserDetailsService in a manually instantiated DaoAuthenticationProvider.
2024-11-12 12:51:19 [main] INFO  o.s.b.a.e.w.EndpointLinksResolver - Exposing 1 endpoint beneath base path '/actuator'
2024-11-12 12:51:19 [main] WARN  o.s.b.w.s.c.AnnotationConfigServletWebServerApplicationContext - Exception encountered during context initialization - cancelling refresh attempt: org.springframework.context.ApplicationContextException: Failed to start bean 'webServerStartStop'
2024-11-12 12:51:19 [main] INFO  o.s.o.j.LocalContainerEntityManagerFactoryBean - Closing JPA EntityManagerFactory for persistence unit 'default'
2024-11-12 12:51:19 [main] INFO  c.z.h.HikariDataSource - HikariPool-1 - Shutdown initiated...
2024-11-12 12:51:19 [main] INFO  c.z.h.HikariDataSource - HikariPool-1 - Shutdown completed.
2024-11-12 12:51:19 [main] INFO  o.s.b.a.l.ConditionEvaluationReportLogger - 

Error starting ApplicationContext. To display the condition evaluation report re-run your application with 'debug' enabled.
2024-11-12 12:51:19 [main] ERROR o.s.b.d.LoggingFailureAnalysisReporter - 

***************************
APPLICATION FAILED TO START
***************************

Description:

Web server failed to start. Port 8080 was already in use.

Action:

Identify and stop the process that's listening on port 8080 or configure this application to listen on another port.

2024-11-12 12:51:36 [main] INFO  c.b.BiCartMain - Starting BiCartMain using Java 21.0.4 with PID 10444 (C:\Users\gobi.jagadeesh\Desktop\Java\BiCart\target\classes started by gobi.jagadeesh in C:\Users\gobi.jagadeesh\Desktop\Java\BiCart)
2024-11-12 12:51:36 [main] INFO  c.b.BiCartMain - No active profile set, falling back to 1 default profile: "default"
2024-11-12 12:51:39 [main] INFO  o.s.d.r.c.RepositoryConfigurationDelegate - Bootstrapping Spring Data JPA repositories in DEFAULT mode.
2024-11-12 12:51:39 [main] INFO  o.s.d.r.c.RepositoryConfigurationDelegate - Finished Spring Data repository scanning in 120 ms. Found 13 JPA repository interfaces.
2024-11-12 12:51:40 [main] INFO  o.s.b.w.e.t.TomcatWebServer - Tomcat initialized with port 8080 (http)
2024-11-12 12:51:40 [main] INFO  o.a.c.c.StandardService - Starting service [Tomcat]
2024-11-12 12:51:40 [main] INFO  o.a.c.c.StandardEngine - Starting Servlet engine: [Apache Tomcat/10.1.30]
2024-11-12 12:51:40 [main] INFO  o.a.c.c.C.[.[.[/api] - Initializing Spring embedded WebApplicationContext
2024-11-12 12:51:40 [main] INFO  o.s.b.w.s.c.ServletWebServerApplicationContext - Root WebApplicationContext: initialization completed in 3232 ms
2024-11-12 12:51:40 [main] INFO  o.h.j.i.u.LogHelper - HHH000204: Processing PersistenceUnitInfo [name: default]
2024-11-12 12:51:40 [main] INFO  o.h.Version - HHH000412: Hibernate ORM core version 6.5.3.Final
2024-11-12 12:51:40 [main] INFO  o.h.c.i.RegionFactoryInitiator - HHH000026: Second-level cache disabled
2024-11-12 12:51:41 [main] INFO  o.s.o.j.p.SpringPersistenceUnitInfo - No LoadTimeWeaver setup: ignoring JPA class transformer
2024-11-12 12:51:41 [main] INFO  c.z.h.HikariDataSource - HikariPool-1 - Starting...
2024-11-12 12:51:41 [main] INFO  c.z.h.p.HikariPool - HikariPool-1 - Added connection com.mysql.cj.jdbc.ConnectionImpl@3dfa2f64
2024-11-12 12:51:41 [main] INFO  c.z.h.HikariDataSource - HikariPool-1 - Start completed.
2024-11-12 12:51:41 [main] WARN  o.h.o.deprecation - HHH90000025: MySQL8Dialect does not need to be specified explicitly using 'hibernate.dialect' (remove the property setting and it will be selected by default)
2024-11-12 12:51:41 [main] WARN  o.h.o.deprecation - HHH90000026: MySQL8Dialect has been deprecated; use org.hibernate.dialect.MySQLDialect instead
2024-11-12 12:51:43 [main] INFO  o.h.e.t.j.p.i.JtaPlatformInitiator - HHH000489: No JTA platform available (set 'hibernate.transaction.jta.platform' to enable JTA platform integration)
2024-11-12 12:51:43 [main] INFO  o.s.o.j.LocalContainerEntityManagerFactoryBean - Initialized JPA EntityManagerFactory for persistence unit 'default'
2024-11-12 12:51:44 [main] WARN  o.s.b.a.o.j.JpaBaseConfiguration$JpaWebConfiguration - spring.jpa.open-in-view is enabled by default. Therefore, database queries may be performed during view rendering. Explicitly configure spring.jpa.open-in-view to disable this warning
2024-11-12 12:51:44 [main] INFO  o.s.s.c.a.a.c.InitializeAuthenticationProviderBeanManagerConfigurer$InitializeAuthenticationProviderManagerConfigurer - Global AuthenticationManager configured with AuthenticationProvider bean with name provideAuthentication
2024-11-12 12:51:44 [main] WARN  o.s.s.c.a.a.c.InitializeUserDetailsBeanManagerConfigurer$InitializeUserDetailsManagerConfigurer - Global AuthenticationManager configured with an AuthenticationProvider bean. UserDetailsService beans will not be used for username/password login. Consider removing the AuthenticationProvider bean. Alternatively, consider using the UserDetailsService in a manually instantiated DaoAuthenticationProvider.
2024-11-12 12:51:45 [main] INFO  o.s.b.a.e.w.EndpointLinksResolver - Exposing 1 endpoint beneath base path '/actuator'
2024-11-12 12:51:46 [main] WARN  o.s.b.w.s.c.AnnotationConfigServletWebServerApplicationContext - Exception encountered during context initialization - cancelling refresh attempt: org.springframework.context.ApplicationContextException: Failed to start bean 'webServerStartStop'
2024-11-12 12:51:46 [main] INFO  o.s.o.j.LocalContainerEntityManagerFactoryBean - Closing JPA EntityManagerFactory for persistence unit 'default'
2024-11-12 12:51:46 [main] INFO  c.z.h.HikariDataSource - HikariPool-1 - Shutdown initiated...
2024-11-12 12:51:46 [main] INFO  c.z.h.HikariDataSource - HikariPool-1 - Shutdown completed.
2024-11-12 12:51:46 [main] INFO  o.s.b.a.l.ConditionEvaluationReportLogger - 

Error starting ApplicationContext. To display the condition evaluation report re-run your application with 'debug' enabled.
2024-11-12 12:51:46 [main] ERROR o.s.b.d.LoggingFailureAnalysisReporter - 

***************************
APPLICATION FAILED TO START
***************************

Description:

Web server failed to start. Port 8080 was already in use.

Action:

Identify and stop the process that's listening on port 8080 or configure this application to listen on another port.

2024-11-12 12:53:10 [main] INFO  c.b.BiCartMain - Starting BiCartMain using Java 21.0.4 with PID 12180 (C:\Users\gobi.jagadeesh\Desktop\Java\BiCart\target\classes started by gobi.jagadeesh in C:\Users\gobi.jagadeesh\Desktop\Java\BiCart)
2024-11-12 12:53:10 [main] INFO  c.b.BiCartMain - No active profile set, falling back to 1 default profile: "default"
2024-11-12 12:53:13 [main] INFO  o.s.d.r.c.RepositoryConfigurationDelegate - Bootstrapping Spring Data JPA repositories in DEFAULT mode.
2024-11-12 12:53:13 [main] INFO  o.s.d.r.c.RepositoryConfigurationDelegate - Finished Spring Data repository scanning in 225 ms. Found 13 JPA repository interfaces.
2024-11-12 12:53:15 [main] INFO  o.s.b.w.e.t.TomcatWebServer - Tomcat initialized with port 8080 (http)
2024-11-12 12:53:15 [main] INFO  o.a.c.c.StandardService - Starting service [Tomcat]
2024-11-12 12:53:15 [main] INFO  o.a.c.c.StandardEngine - Starting Servlet engine: [Apache Tomcat/10.1.30]
2024-11-12 12:53:15 [main] INFO  o.a.c.c.C.[.[.[/api] - Initializing Spring embedded WebApplicationContext
2024-11-12 12:53:15 [main] INFO  o.s.b.w.s.c.ServletWebServerApplicationContext - Root WebApplicationContext: initialization completed in 4731 ms
2024-11-12 12:53:16 [main] INFO  o.h.j.i.u.LogHelper - HHH000204: Processing PersistenceUnitInfo [name: default]
2024-11-12 12:53:16 [main] INFO  o.h.Version - HHH000412: Hibernate ORM core version 6.5.3.Final
2024-11-12 12:53:16 [main] INFO  o.h.c.i.RegionFactoryInitiator - HHH000026: Second-level cache disabled
2024-11-12 12:53:17 [main] INFO  o.s.o.j.p.SpringPersistenceUnitInfo - No LoadTimeWeaver setup: ignoring JPA class transformer
2024-11-12 12:53:17 [main] INFO  c.z.h.HikariDataSource - HikariPool-1 - Starting...
2024-11-12 12:53:17 [main] INFO  c.z.h.p.HikariPool - HikariPool-1 - Added connection com.mysql.cj.jdbc.ConnectionImpl@2ec156fb
2024-11-12 12:53:17 [main] INFO  c.z.h.HikariDataSource - HikariPool-1 - Start completed.
2024-11-12 12:53:17 [main] WARN  o.h.o.deprecation - HHH90000025: MySQL8Dialect does not need to be specified explicitly using 'hibernate.dialect' (remove the property setting and it will be selected by default)
2024-11-12 12:53:17 [main] WARN  o.h.o.deprecation - HHH90000026: MySQL8Dialect has been deprecated; use org.hibernate.dialect.MySQLDialect instead
2024-11-12 12:53:20 [main] INFO  o.h.e.t.j.p.i.JtaPlatformInitiator - HHH000489: No JTA platform available (set 'hibernate.transaction.jta.platform' to enable JTA platform integration)
2024-11-12 12:53:21 [main] INFO  o.s.o.j.LocalContainerEntityManagerFactoryBean - Initialized JPA EntityManagerFactory for persistence unit 'default'
2024-11-12 12:53:21 [main] WARN  o.s.b.a.o.j.JpaBaseConfiguration$JpaWebConfiguration - spring.jpa.open-in-view is enabled by default. Therefore, database queries may be performed during view rendering. Explicitly configure spring.jpa.open-in-view to disable this warning
2024-11-12 12:53:22 [main] INFO  o.s.s.c.a.a.c.InitializeAuthenticationProviderBeanManagerConfigurer$InitializeAuthenticationProviderManagerConfigurer - Global AuthenticationManager configured with AuthenticationProvider bean with name provideAuthentication
2024-11-12 12:53:22 [main] WARN  o.s.s.c.a.a.c.InitializeUserDetailsBeanManagerConfigurer$InitializeUserDetailsManagerConfigurer - Global AuthenticationManager configured with an AuthenticationProvider bean. UserDetailsService beans will not be used for username/password login. Consider removing the AuthenticationProvider bean. Alternatively, consider using the UserDetailsService in a manually instantiated DaoAuthenticationProvider.
2024-11-12 12:53:23 [main] INFO  o.s.b.a.e.w.EndpointLinksResolver - Exposing 1 endpoint beneath base path '/actuator'
2024-11-12 12:53:24 [main] WARN  o.s.b.w.s.c.AnnotationConfigServletWebServerApplicationContext - Exception encountered during context initialization - cancelling refresh attempt: org.springframework.context.ApplicationContextException: Failed to start bean 'webServerStartStop'
2024-11-12 12:53:24 [main] INFO  o.s.o.j.LocalContainerEntityManagerFactoryBean - Closing JPA EntityManagerFactory for persistence unit 'default'
2024-11-12 12:53:24 [main] INFO  c.z.h.HikariDataSource - HikariPool-1 - Shutdown initiated...
2024-11-12 12:53:24 [main] INFO  c.z.h.HikariDataSource - HikariPool-1 - Shutdown completed.
2024-11-12 12:53:24 [main] INFO  o.s.b.a.l.ConditionEvaluationReportLogger - 

Error starting ApplicationContext. To display the condition evaluation report re-run your application with 'debug' enabled.
2024-11-12 12:53:24 [main] ERROR o.s.b.d.LoggingFailureAnalysisReporter - 

***************************
APPLICATION FAILED TO START
***************************

Description:

Web server failed to start. Port 8080 was already in use.

Action:

Identify and stop the process that's listening on port 8080 or configure this application to listen on another port.

2024-11-12 12:56:10 [main] INFO  c.b.BiCartMain - Starting BiCartMain using Java 21.0.4 with PID 12088 (C:\Users\gobi.jagadeesh\Desktop\Java\BiCart\target\classes started by gobi.jagadeesh in C:\Users\gobi.jagadeesh\Desktop\Java\BiCart)
2024-11-12 12:56:10 [main] INFO  c.b.BiCartMain - No active profile set, falling back to 1 default profile: "default"
2024-11-12 12:56:13 [main] INFO  o.s.d.r.c.RepositoryConfigurationDelegate - Bootstrapping Spring Data JPA repositories in DEFAULT mode.
2024-11-12 12:56:13 [main] INFO  o.s.d.r.c.RepositoryConfigurationDelegate - Finished Spring Data repository scanning in 116 ms. Found 13 JPA repository interfaces.
2024-11-12 12:56:14 [main] INFO  o.s.b.w.e.t.TomcatWebServer - Tomcat initialized with port 8080 (http)
2024-11-12 12:56:14 [main] INFO  o.a.c.c.StandardService - Starting service [Tomcat]
2024-11-12 12:56:14 [main] INFO  o.a.c.c.StandardEngine - Starting Servlet engine: [Apache Tomcat/10.1.30]
2024-11-12 12:56:14 [main] INFO  o.a.c.c.C.[.[.[/api] - Initializing Spring embedded WebApplicationContext
2024-11-12 12:56:14 [main] INFO  o.s.b.w.s.c.ServletWebServerApplicationContext - Root WebApplicationContext: initialization completed in 3968 ms
2024-11-12 12:56:15 [main] INFO  o.h.j.i.u.LogHelper - HHH000204: Processing PersistenceUnitInfo [name: default]
2024-11-12 12:56:15 [main] INFO  o.h.Version - HHH000412: Hibernate ORM core version 6.5.3.Final
2024-11-12 12:56:15 [main] INFO  o.h.c.i.RegionFactoryInitiator - HHH000026: Second-level cache disabled
2024-11-12 12:56:16 [main] INFO  o.s.o.j.p.SpringPersistenceUnitInfo - No LoadTimeWeaver setup: ignoring JPA class transformer
2024-11-12 12:56:16 [main] INFO  c.z.h.HikariDataSource - HikariPool-1 - Starting...
2024-11-12 12:56:16 [main] INFO  c.z.h.p.HikariPool - HikariPool-1 - Added connection com.mysql.cj.jdbc.ConnectionImpl@7582a16b
2024-11-12 12:56:16 [main] INFO  c.z.h.HikariDataSource - HikariPool-1 - Start completed.
2024-11-12 12:56:16 [main] WARN  o.h.o.deprecation - HHH90000025: MySQL8Dialect does not need to be specified explicitly using 'hibernate.dialect' (remove the property setting and it will be selected by default)
2024-11-12 12:56:16 [main] WARN  o.h.o.deprecation - HHH90000026: MySQL8Dialect has been deprecated; use org.hibernate.dialect.MySQLDialect instead
2024-11-12 12:56:18 [main] INFO  o.h.e.t.j.p.i.JtaPlatformInitiator - HHH000489: No JTA platform available (set 'hibernate.transaction.jta.platform' to enable JTA platform integration)
2024-11-12 12:56:19 [main] INFO  o.s.o.j.LocalContainerEntityManagerFactoryBean - Initialized JPA EntityManagerFactory for persistence unit 'default'
2024-11-12 12:56:19 [main] WARN  o.s.b.a.o.j.JpaBaseConfiguration$JpaWebConfiguration - spring.jpa.open-in-view is enabled by default. Therefore, database queries may be performed during view rendering. Explicitly configure spring.jpa.open-in-view to disable this warning
2024-11-12 12:56:20 [main] INFO  o.s.s.c.a.a.c.InitializeAuthenticationProviderBeanManagerConfigurer$InitializeAuthenticationProviderManagerConfigurer - Global AuthenticationManager configured with AuthenticationProvider bean with name provideAuthentication
2024-11-12 12:56:20 [main] WARN  o.s.s.c.a.a.c.InitializeUserDetailsBeanManagerConfigurer$InitializeUserDetailsManagerConfigurer - Global AuthenticationManager configured with an AuthenticationProvider bean. UserDetailsService beans will not be used for username/password login. Consider removing the AuthenticationProvider bean. Alternatively, consider using the UserDetailsService in a manually instantiated DaoAuthenticationProvider.
2024-11-12 12:56:21 [main] INFO  o.s.b.a.e.w.EndpointLinksResolver - Exposing 1 endpoint beneath base path '/actuator'
2024-11-12 12:56:22 [main] INFO  o.s.b.w.e.t.TomcatWebServer - Tomcat started on port 8080 (http) with context path '/api'
2024-11-12 12:56:22 [main] INFO  c.b.BiCartMain - Started BiCartMain in 12.402 seconds (process running for 14.256)
2024-11-12 12:56:23 [RMI TCP Connection(1)-192.168.16.208] INFO  o.a.c.c.C.[.[.[/api] - Initializing Spring DispatcherServlet 'dispatcherServlet'
2024-11-12 12:56:23 [RMI TCP Connection(1)-192.168.16.208] INFO  o.s.w.s.DispatcherServlet - Initializing Servlet 'dispatcherServlet'
2024-11-12 12:56:23 [RMI TCP Connection(1)-192.168.16.208] INFO  o.s.w.s.DispatcherServlet - Completed initialization in 7 ms
2024-11-12 12:57:45 [http-nio-8080-exec-4] ERROR c.b.s.AddressService - Address not found for the given user: 5f4d6265-5b4c-4015-bb52-154b8aa730d1
2024-11-12 12:59:52 [http-nio-8080-exec-10] INFO  c.b.s.UserService - Displayed user details for page : 0
2024-11-12 13:01:33 [SpringApplicationShutdownHook] INFO  o.s.o.j.LocalContainerEntityManagerFactoryBean - Closing JPA EntityManagerFactory for persistence unit 'default'
2024-11-12 13:01:33 [SpringApplicationShutdownHook] INFO  c.z.h.HikariDataSource - HikariPool-1 - Shutdown initiated...
2024-11-12 13:01:33 [SpringApplicationShutdownHook] INFO  c.z.h.HikariDataSource - HikariPool-1 - Shutdown completed.
2024-11-12 13:01:45 [main] INFO  c.b.BiCartMain - Starting BiCartMain using Java 21.0.4 with PID 11276 (C:\Users\gobi.jagadeesh\Desktop\Java\BiCart\target\classes started by gobi.jagadeesh in C:\Users\gobi.jagadeesh\Desktop\Java\BiCart)
2024-11-12 13:01:45 [main] INFO  c.b.BiCartMain - No active profile set, falling back to 1 default profile: "default"
2024-11-12 13:01:47 [main] INFO  o.s.d.r.c.RepositoryConfigurationDelegate - Bootstrapping Spring Data JPA repositories in DEFAULT mode.
2024-11-12 13:01:47 [main] INFO  o.s.d.r.c.RepositoryConfigurationDelegate - Finished Spring Data repository scanning in 124 ms. Found 13 JPA repository interfaces.
2024-11-12 13:01:48 [main] INFO  o.s.b.w.e.t.TomcatWebServer - Tomcat initialized with port 8080 (http)
2024-11-12 13:01:48 [main] INFO  o.a.c.c.StandardService - Starting service [Tomcat]
2024-11-12 13:01:48 [main] INFO  o.a.c.c.StandardEngine - Starting Servlet engine: [Apache Tomcat/10.1.30]
2024-11-12 13:01:48 [main] INFO  o.a.c.c.C.[.[.[/api] - Initializing Spring embedded WebApplicationContext
2024-11-12 13:01:48 [main] INFO  o.s.b.w.s.c.ServletWebServerApplicationContext - Root WebApplicationContext: initialization completed in 3366 ms
2024-11-12 13:01:49 [main] INFO  o.h.j.i.u.LogHelper - HHH000204: Processing PersistenceUnitInfo [name: default]
2024-11-12 13:01:49 [main] INFO  o.h.Version - HHH000412: Hibernate ORM core version 6.5.3.Final
2024-11-12 13:01:49 [main] INFO  o.h.c.i.RegionFactoryInitiator - HHH000026: Second-level cache disabled
2024-11-12 13:01:49 [main] INFO  o.s.o.j.p.SpringPersistenceUnitInfo - No LoadTimeWeaver setup: ignoring JPA class transformer
2024-11-12 13:01:50 [main] INFO  c.z.h.HikariDataSource - HikariPool-1 - Starting...
2024-11-12 13:01:50 [main] INFO  c.z.h.p.HikariPool - HikariPool-1 - Added connection com.mysql.cj.jdbc.ConnectionImpl@3dfa2f64
2024-11-12 13:01:50 [main] INFO  c.z.h.HikariDataSource - HikariPool-1 - Start completed.
2024-11-12 13:01:50 [main] WARN  o.h.o.deprecation - HHH90000025: MySQL8Dialect does not need to be specified explicitly using 'hibernate.dialect' (remove the property setting and it will be selected by default)
2024-11-12 13:01:50 [main] WARN  o.h.o.deprecation - HHH90000026: MySQL8Dialect has been deprecated; use org.hibernate.dialect.MySQLDialect instead
2024-11-12 13:01:54 [main] INFO  o.h.e.t.j.p.i.JtaPlatformInitiator - HHH000489: No JTA platform available (set 'hibernate.transaction.jta.platform' to enable JTA platform integration)
2024-11-12 13:01:54 [main] INFO  o.s.o.j.LocalContainerEntityManagerFactoryBean - Initialized JPA EntityManagerFactory for persistence unit 'default'
2024-11-12 13:01:54 [main] WARN  o.s.b.a.o.j.JpaBaseConfiguration$JpaWebConfiguration - spring.jpa.open-in-view is enabled by default. Therefore, database queries may be performed during view rendering. Explicitly configure spring.jpa.open-in-view to disable this warning
2024-11-12 13:01:55 [main] INFO  o.s.s.c.a.a.c.InitializeAuthenticationProviderBeanManagerConfigurer$InitializeAuthenticationProviderManagerConfigurer - Global AuthenticationManager configured with AuthenticationProvider bean with name provideAuthentication
2024-11-12 13:01:55 [main] WARN  o.s.s.c.a.a.c.InitializeUserDetailsBeanManagerConfigurer$InitializeUserDetailsManagerConfigurer - Global AuthenticationManager configured with an AuthenticationProvider bean. UserDetailsService beans will not be used for username/password login. Consider removing the AuthenticationProvider bean. Alternatively, consider using the UserDetailsService in a manually instantiated DaoAuthenticationProvider.
2024-11-12 13:01:56 [main] INFO  o.s.b.a.e.w.EndpointLinksResolver - Exposing 1 endpoint beneath base path '/actuator'
2024-11-12 13:01:57 [main] INFO  o.s.b.w.e.t.TomcatWebServer - Tomcat started on port 8080 (http) with context path '/api'
2024-11-12 13:01:57 [main] INFO  c.b.BiCartMain - Started BiCartMain in 12.944 seconds (process running for 14.075)
2024-11-12 13:01:58 [RMI TCP Connection(4)-192.168.16.208] INFO  o.a.c.c.C.[.[.[/api] - Initializing Spring DispatcherServlet 'dispatcherServlet'
2024-11-12 13:01:58 [RMI TCP Connection(4)-192.168.16.208] INFO  o.s.w.s.DispatcherServlet - Initializing Servlet 'dispatcherServlet'
2024-11-12 13:01:58 [RMI TCP Connection(4)-192.168.16.208] INFO  o.s.w.s.DispatcherServlet - Completed initialization in 5 ms
2024-11-12 13:03:32 [SpringApplicationShutdownHook] INFO  o.s.o.j.LocalContainerEntityManagerFactoryBean - Closing JPA EntityManagerFactory for persistence unit 'default'
2024-11-12 13:03:32 [SpringApplicationShutdownHook] INFO  c.z.h.HikariDataSource - HikariPool-1 - Shutdown initiated...
2024-11-12 13:03:32 [SpringApplicationShutdownHook] INFO  c.z.h.HikariDataSource - HikariPool-1 - Shutdown completed.
2024-11-12 13:03:43 [main] INFO  c.b.BiCartMain - Starting BiCartMain using Java 21.0.4 with PID 12068 (C:\Users\gobi.jagadeesh\Desktop\Java\BiCart\target\classes started by gobi.jagadeesh in C:\Users\gobi.jagadeesh\Desktop\Java\BiCart)
2024-11-12 13:03:43 [main] INFO  c.b.BiCartMain - No active profile set, falling back to 1 default profile: "default"
2024-11-12 13:03:45 [main] INFO  o.s.d.r.c.RepositoryConfigurationDelegate - Bootstrapping Spring Data JPA repositories in DEFAULT mode.
2024-11-12 13:03:45 [main] INFO  o.s.d.r.c.RepositoryConfigurationDelegate - Finished Spring Data repository scanning in 188 ms. Found 13 JPA repository interfaces.
2024-11-12 13:03:46 [main] INFO  o.s.b.w.e.t.TomcatWebServer - Tomcat initialized with port 8080 (http)
2024-11-12 13:03:46 [main] INFO  o.a.c.c.StandardService - Starting service [Tomcat]
2024-11-12 13:03:46 [main] INFO  o.a.c.c.StandardEngine - Starting Servlet engine: [Apache Tomcat/10.1.30]
2024-11-12 13:03:46 [main] INFO  o.a.c.c.C.[.[.[/api] - Initializing Spring embedded WebApplicationContext
2024-11-12 13:03:46 [main] INFO  o.s.b.w.s.c.ServletWebServerApplicationContext - Root WebApplicationContext: initialization completed in 3318 ms
2024-11-12 13:03:47 [main] INFO  o.h.j.i.u.LogHelper - HHH000204: Processing PersistenceUnitInfo [name: default]
2024-11-12 13:03:47 [main] INFO  o.h.Version - HHH000412: Hibernate ORM core version 6.5.3.Final
2024-11-12 13:03:47 [main] INFO  o.h.c.i.RegionFactoryInitiator - HHH000026: Second-level cache disabled
2024-11-12 13:03:47 [main] INFO  o.s.o.j.p.SpringPersistenceUnitInfo - No LoadTimeWeaver setup: ignoring JPA class transformer
2024-11-12 13:03:47 [main] INFO  c.z.h.HikariDataSource - HikariPool-1 - Starting...
2024-11-12 13:03:48 [main] INFO  c.z.h.p.HikariPool - HikariPool-1 - Added connection com.mysql.cj.jdbc.ConnectionImpl@62581ef6
2024-11-12 13:03:48 [main] INFO  c.z.h.HikariDataSource - HikariPool-1 - Start completed.
2024-11-12 13:03:48 [main] WARN  o.h.o.deprecation - HHH90000025: MySQL8Dialect does not need to be specified explicitly using 'hibernate.dialect' (remove the property setting and it will be selected by default)
2024-11-12 13:03:48 [main] WARN  o.h.o.deprecation - HHH90000026: MySQL8Dialect has been deprecated; use org.hibernate.dialect.MySQLDialect instead
2024-11-12 13:03:50 [main] INFO  o.h.e.t.j.p.i.JtaPlatformInitiator - HHH000489: No JTA platform available (set 'hibernate.transaction.jta.platform' to enable JTA platform integration)
2024-11-12 13:03:50 [main] INFO  o.s.o.j.LocalContainerEntityManagerFactoryBean - Initialized JPA EntityManagerFactory for persistence unit 'default'
2024-11-12 13:03:51 [main] WARN  o.s.b.a.o.j.JpaBaseConfiguration$JpaWebConfiguration - spring.jpa.open-in-view is enabled by default. Therefore, database queries may be performed during view rendering. Explicitly configure spring.jpa.open-in-view to disable this warning
2024-11-12 13:03:51 [main] INFO  o.s.s.c.a.a.c.InitializeAuthenticationProviderBeanManagerConfigurer$InitializeAuthenticationProviderManagerConfigurer - Global AuthenticationManager configured with AuthenticationProvider bean with name provideAuthentication
2024-11-12 13:03:51 [main] WARN  o.s.s.c.a.a.c.InitializeUserDetailsBeanManagerConfigurer$InitializeUserDetailsManagerConfigurer - Global AuthenticationManager configured with an AuthenticationProvider bean. UserDetailsService beans will not be used for username/password login. Consider removing the AuthenticationProvider bean. Alternatively, consider using the UserDetailsService in a manually instantiated DaoAuthenticationProvider.
2024-11-12 13:03:52 [main] INFO  o.s.b.a.e.w.EndpointLinksResolver - Exposing 1 endpoint beneath base path '/actuator'
2024-11-12 13:03:53 [main] INFO  o.s.b.w.e.t.TomcatWebServer - Tomcat started on port 8080 (http) with context path '/api'
2024-11-12 13:03:53 [main] INFO  c.b.BiCartMain - Started BiCartMain in 11.293 seconds (process running for 12.331)
2024-11-12 13:03:54 [RMI TCP Connection(2)-192.168.16.208] INFO  o.a.c.c.C.[.[.[/api] - Initializing Spring DispatcherServlet 'dispatcherServlet'
2024-11-12 13:03:54 [RMI TCP Connection(2)-192.168.16.208] INFO  o.s.w.s.DispatcherServlet - Initializing Servlet 'dispatcherServlet'
2024-11-12 13:03:54 [RMI TCP Connection(2)-192.168.16.208] INFO  o.s.w.s.DispatcherServlet - Completed initialization in 0 ms
2024-11-12 13:04:49 [http-nio-8080-exec-4] ERROR c.b.s.AddressService - Address not found for the given user: 5f4d6265-5b4c-4015-bb52-154b8aa730d1
2024-11-12 13:08:05 [SpringApplicationShutdownHook] INFO  o.s.o.j.LocalContainerEntityManagerFactoryBean - Closing JPA EntityManagerFactory for persistence unit 'default'
2024-11-12 13:08:05 [SpringApplicationShutdownHook] INFO  c.z.h.HikariDataSource - HikariPool-1 - Shutdown initiated...
2024-11-12 13:08:05 [SpringApplicationShutdownHook] INFO  c.z.h.HikariDataSource - HikariPool-1 - Shutdown completed.
2024-11-12 13:08:17 [main] INFO  c.b.BiCartMain - Starting BiCartMain using Java 21.0.4 with PID 2200 (C:\Users\gobi.jagadeesh\Desktop\Java\BiCart\target\classes started by gobi.jagadeesh in C:\Users\gobi.jagadeesh\Desktop\Java\BiCart)
2024-11-12 13:08:17 [main] INFO  c.b.BiCartMain - No active profile set, falling back to 1 default profile: "default"
2024-11-12 13:08:19 [main] INFO  o.s.d.r.c.RepositoryConfigurationDelegate - Bootstrapping Spring Data JPA repositories in DEFAULT mode.
2024-11-12 13:08:20 [main] INFO  o.s.d.r.c.RepositoryConfigurationDelegate - Finished Spring Data repository scanning in 161 ms. Found 13 JPA repository interfaces.
2024-11-12 13:08:21 [main] INFO  o.s.b.w.e.t.TomcatWebServer - Tomcat initialized with port 8080 (http)
2024-11-12 13:08:21 [main] INFO  o.a.c.c.StandardService - Starting service [Tomcat]
2024-11-12 13:08:21 [main] INFO  o.a.c.c.StandardEngine - Starting Servlet engine: [Apache Tomcat/10.1.30]
2024-11-12 13:08:21 [main] INFO  o.a.c.c.C.[.[.[/api] - Initializing Spring embedded WebApplicationContext
2024-11-12 13:08:21 [main] INFO  o.s.b.w.s.c.ServletWebServerApplicationContext - Root WebApplicationContext: initialization completed in 3523 ms
2024-11-12 13:08:21 [main] INFO  o.h.j.i.u.LogHelper - HHH000204: Processing PersistenceUnitInfo [name: default]
2024-11-12 13:08:21 [main] INFO  o.h.Version - HHH000412: Hibernate ORM core version 6.5.3.Final
2024-11-12 13:08:21 [main] INFO  o.h.c.i.RegionFactoryInitiator - HHH000026: Second-level cache disabled
2024-11-12 13:08:22 [main] INFO  o.s.o.j.p.SpringPersistenceUnitInfo - No LoadTimeWeaver setup: ignoring JPA class transformer
2024-11-12 13:08:22 [main] INFO  c.z.h.HikariDataSource - HikariPool-1 - Starting...
2024-11-12 13:08:23 [main] INFO  c.z.h.p.HikariPool - HikariPool-1 - Added connection com.mysql.cj.jdbc.ConnectionImpl@2568611c
2024-11-12 13:08:23 [main] INFO  c.z.h.HikariDataSource - HikariPool-1 - Start completed.
2024-11-12 13:08:23 [main] WARN  o.h.o.deprecation - HHH90000025: MySQL8Dialect does not need to be specified explicitly using 'hibernate.dialect' (remove the property setting and it will be selected by default)
2024-11-12 13:08:23 [main] WARN  o.h.o.deprecation - HHH90000026: MySQL8Dialect has been deprecated; use org.hibernate.dialect.MySQLDialect instead
2024-11-12 13:08:25 [main] INFO  o.h.e.t.j.p.i.JtaPlatformInitiator - HHH000489: No JTA platform available (set 'hibernate.transaction.jta.platform' to enable JTA platform integration)
2024-11-12 13:08:25 [main] INFO  o.s.o.j.LocalContainerEntityManagerFactoryBean - Initialized JPA EntityManagerFactory for persistence unit 'default'
2024-11-12 13:08:26 [main] WARN  o.s.b.a.o.j.JpaBaseConfiguration$JpaWebConfiguration - spring.jpa.open-in-view is enabled by default. Therefore, database queries may be performed during view rendering. Explicitly configure spring.jpa.open-in-view to disable this warning
2024-11-12 13:08:26 [main] INFO  o.s.s.c.a.a.c.InitializeAuthenticationProviderBeanManagerConfigurer$InitializeAuthenticationProviderManagerConfigurer - Global AuthenticationManager configured with AuthenticationProvider bean with name provideAuthentication
2024-11-12 13:08:26 [main] WARN  o.s.s.c.a.a.c.InitializeUserDetailsBeanManagerConfigurer$InitializeUserDetailsManagerConfigurer - Global AuthenticationManager configured with an AuthenticationProvider bean. UserDetailsService beans will not be used for username/password login. Consider removing the AuthenticationProvider bean. Alternatively, consider using the UserDetailsService in a manually instantiated DaoAuthenticationProvider.
2024-11-12 13:08:28 [main] INFO  o.s.b.a.e.w.EndpointLinksResolver - Exposing 1 endpoint beneath base path '/actuator'
2024-11-12 13:08:29 [main] INFO  o.s.b.w.e.t.TomcatWebServer - Tomcat started on port 8080 (http) with context path '/api'
2024-11-12 13:08:29 [main] INFO  c.b.BiCartMain - Started BiCartMain in 12.433 seconds (process running for 13.49)
2024-11-12 13:08:30 [RMI TCP Connection(3)-192.168.16.208] INFO  o.a.c.c.C.[.[.[/api] - Initializing Spring DispatcherServlet 'dispatcherServlet'
2024-11-12 13:08:30 [RMI TCP Connection(3)-192.168.16.208] INFO  o.s.w.s.DispatcherServlet - Initializing Servlet 'dispatcherServlet'
2024-11-12 13:08:30 [RMI TCP Connection(3)-192.168.16.208] INFO  o.s.w.s.DispatcherServlet - Completed initialization in 11 ms
2024-11-12 13:10:03 [SpringApplicationShutdownHook] INFO  o.s.o.j.LocalContainerEntityManagerFactoryBean - Closing JPA EntityManagerFactory for persistence unit 'default'
2024-11-12 13:10:03 [SpringApplicationShutdownHook] INFO  c.z.h.HikariDataSource - HikariPool-1 - Shutdown initiated...
2024-11-12 13:10:03 [SpringApplicationShutdownHook] INFO  c.z.h.HikariDataSource - HikariPool-1 - Shutdown completed.
2024-11-12 13:10:13 [main] INFO  c.b.BiCartMain - Starting BiCartMain using Java 21.0.4 with PID 10952 (C:\Users\gobi.jagadeesh\Desktop\Java\BiCart\target\classes started by gobi.jagadeesh in C:\Users\gobi.jagadeesh\Desktop\Java\BiCart)
2024-11-12 13:10:13 [main] INFO  c.b.BiCartMain - No active profile set, falling back to 1 default profile: "default"
2024-11-12 13:10:15 [main] INFO  o.s.d.r.c.RepositoryConfigurationDelegate - Bootstrapping Spring Data JPA repositories in DEFAULT mode.
2024-11-12 13:10:15 [main] INFO  o.s.d.r.c.RepositoryConfigurationDelegate - Finished Spring Data repository scanning in 164 ms. Found 13 JPA repository interfaces.
2024-11-12 13:10:16 [main] INFO  o.s.b.w.e.t.TomcatWebServer - Tomcat initialized with port 8080 (http)
2024-11-12 13:10:16 [main] INFO  o.a.c.c.StandardService - Starting service [Tomcat]
2024-11-12 13:10:16 [main] INFO  o.a.c.c.StandardEngine - Starting Servlet engine: [Apache Tomcat/10.1.30]
2024-11-12 13:10:17 [main] INFO  o.a.c.c.C.[.[.[/api] - Initializing Spring embedded WebApplicationContext
2024-11-12 13:10:17 [main] INFO  o.s.b.w.s.c.ServletWebServerApplicationContext - Root WebApplicationContext: initialization completed in 3572 ms
2024-11-12 13:10:17 [main] INFO  o.h.j.i.u.LogHelper - HHH000204: Processing PersistenceUnitInfo [name: default]
2024-11-12 13:10:17 [main] INFO  o.h.Version - HHH000412: Hibernate ORM core version 6.5.3.Final
2024-11-12 13:10:17 [main] INFO  o.h.c.i.RegionFactoryInitiator - HHH000026: Second-level cache disabled
2024-11-12 13:10:18 [main] INFO  o.s.o.j.p.SpringPersistenceUnitInfo - No LoadTimeWeaver setup: ignoring JPA class transformer
2024-11-12 13:10:18 [main] INFO  c.z.h.HikariDataSource - HikariPool-1 - Starting...
2024-11-12 13:10:18 [main] INFO  c.z.h.p.HikariPool - HikariPool-1 - Added connection com.mysql.cj.jdbc.ConnectionImpl@4e1b5532
2024-11-12 13:10:18 [main] INFO  c.z.h.HikariDataSource - HikariPool-1 - Start completed.
2024-11-12 13:10:18 [main] WARN  o.h.o.deprecation - HHH90000025: MySQL8Dialect does not need to be specified explicitly using 'hibernate.dialect' (remove the property setting and it will be selected by default)
2024-11-12 13:10:18 [main] WARN  o.h.o.deprecation - HHH90000026: MySQL8Dialect has been deprecated; use org.hibernate.dialect.MySQLDialect instead
2024-11-12 13:10:20 [main] INFO  o.h.e.t.j.p.i.JtaPlatformInitiator - HHH000489: No JTA platform available (set 'hibernate.transaction.jta.platform' to enable JTA platform integration)
2024-11-12 13:10:20 [main] INFO  o.s.o.j.LocalContainerEntityManagerFactoryBean - Initialized JPA EntityManagerFactory for persistence unit 'default'
2024-11-12 13:10:21 [main] WARN  o.s.b.a.o.j.JpaBaseConfiguration$JpaWebConfiguration - spring.jpa.open-in-view is enabled by default. Therefore, database queries may be performed during view rendering. Explicitly configure spring.jpa.open-in-view to disable this warning
2024-11-12 13:10:22 [main] INFO  o.s.s.c.a.a.c.InitializeAuthenticationProviderBeanManagerConfigurer$InitializeAuthenticationProviderManagerConfigurer - Global AuthenticationManager configured with AuthenticationProvider bean with name provideAuthentication
2024-11-12 13:10:22 [main] WARN  o.s.s.c.a.a.c.InitializeUserDetailsBeanManagerConfigurer$InitializeUserDetailsManagerConfigurer - Global AuthenticationManager configured with an AuthenticationProvider bean. UserDetailsService beans will not be used for username/password login. Consider removing the AuthenticationProvider bean. Alternatively, consider using the UserDetailsService in a manually instantiated DaoAuthenticationProvider.
2024-11-12 13:10:23 [main] INFO  o.s.b.a.e.w.EndpointLinksResolver - Exposing 1 endpoint beneath base path '/actuator'
2024-11-12 13:10:24 [main] INFO  o.s.b.w.e.t.TomcatWebServer - Tomcat started on port 8080 (http) with context path '/api'
2024-11-12 13:10:24 [main] INFO  c.b.BiCartMain - Started BiCartMain in 11.358 seconds (process running for 12.41)
2024-11-12 13:10:25 [RMI TCP Connection(3)-192.168.16.208] INFO  o.a.c.c.C.[.[.[/api] - Initializing Spring DispatcherServlet 'dispatcherServlet'
2024-11-12 13:10:25 [RMI TCP Connection(3)-192.168.16.208] INFO  o.s.w.s.DispatcherServlet - Initializing Servlet 'dispatcherServlet'
2024-11-12 13:10:25 [RMI TCP Connection(3)-192.168.16.208] INFO  o.s.w.s.DispatcherServlet - Completed initialization in 4 ms
2024-11-12 13:12:31 [http-nio-8080-exec-7] INFO  c.b.s.UserService - Retrieved user details for ID: 5f4d6265-5b4c-4015-bb52-154b8aa730d1
2024-11-12 13:59:14 [HikariPool-1 housekeeper] WARN  c.z.h.p.HikariPool - HikariPool-1 - Thread starvation or clock leap detected (housekeeper delta=46m55s412ms370s900ns).
2024-11-12 14:04:20 [SpringApplicationShutdownHook] INFO  o.s.o.j.LocalContainerEntityManagerFactoryBean - Closing JPA EntityManagerFactory for persistence unit 'default'
2024-11-12 14:04:20 [SpringApplicationShutdownHook] INFO  c.z.h.HikariDataSource - HikariPool-1 - Shutdown initiated...
2024-11-12 14:04:20 [SpringApplicationShutdownHook] INFO  c.z.h.HikariDataSource - HikariPool-1 - Shutdown completed.
2024-11-12 14:04:31 [main] INFO  c.b.BiCartMain - Starting BiCartMain using Java 21.0.4 with PID 13504 (C:\Users\gobi.jagadeesh\Desktop\Java\BiCart\target\classes started by gobi.jagadeesh in C:\Users\gobi.jagadeesh\Desktop\Java\BiCart)
2024-11-12 14:04:31 [main] INFO  c.b.BiCartMain - No active profile set, falling back to 1 default profile: "default"
2024-11-12 14:04:33 [main] INFO  o.s.d.r.c.RepositoryConfigurationDelegate - Bootstrapping Spring Data JPA repositories in DEFAULT mode.
2024-11-12 14:04:33 [main] INFO  o.s.d.r.c.RepositoryConfigurationDelegate - Finished Spring Data repository scanning in 125 ms. Found 13 JPA repository interfaces.
2024-11-12 14:04:34 [main] INFO  o.s.b.w.e.t.TomcatWebServer - Tomcat initialized with port 8080 (http)
2024-11-12 14:04:34 [main] INFO  o.a.c.c.StandardService - Starting service [Tomcat]
2024-11-12 14:04:34 [main] INFO  o.a.c.c.StandardEngine - Starting Servlet engine: [Apache Tomcat/10.1.30]
2024-11-12 14:04:34 [main] INFO  o.a.c.c.C.[.[.[/api] - Initializing Spring embedded WebApplicationContext
2024-11-12 14:04:34 [main] INFO  o.s.b.w.s.c.ServletWebServerApplicationContext - Root WebApplicationContext: initialization completed in 3364 ms
2024-11-12 14:04:35 [main] INFO  o.h.j.i.u.LogHelper - HHH000204: Processing PersistenceUnitInfo [name: default]
2024-11-12 14:04:35 [main] INFO  o.h.Version - HHH000412: Hibernate ORM core version 6.5.3.Final
2024-11-12 14:04:35 [main] INFO  o.h.c.i.RegionFactoryInitiator - HHH000026: Second-level cache disabled
2024-11-12 14:04:35 [main] INFO  o.s.o.j.p.SpringPersistenceUnitInfo - No LoadTimeWeaver setup: ignoring JPA class transformer
2024-11-12 14:04:35 [main] INFO  c.z.h.HikariDataSource - HikariPool-1 - Starting...
2024-11-12 14:04:36 [main] INFO  c.z.h.p.HikariPool - HikariPool-1 - Added connection com.mysql.cj.jdbc.ConnectionImpl@1e36baca
2024-11-12 14:04:36 [main] INFO  c.z.h.HikariDataSource - HikariPool-1 - Start completed.
2024-11-12 14:04:36 [main] WARN  o.h.o.deprecation - HHH90000025: MySQL8Dialect does not need to be specified explicitly using 'hibernate.dialect' (remove the property setting and it will be selected by default)
2024-11-12 14:04:36 [main] WARN  o.h.o.deprecation - HHH90000026: MySQL8Dialect has been deprecated; use org.hibernate.dialect.MySQLDialect instead
2024-11-12 14:04:38 [main] INFO  o.h.e.t.j.p.i.JtaPlatformInitiator - HHH000489: No JTA platform available (set 'hibernate.transaction.jta.platform' to enable JTA platform integration)
2024-11-12 14:04:38 [main] INFO  o.s.o.j.LocalContainerEntityManagerFactoryBean - Initialized JPA EntityManagerFactory for persistence unit 'default'
2024-11-12 14:04:39 [main] WARN  o.s.b.a.o.j.JpaBaseConfiguration$JpaWebConfiguration - spring.jpa.open-in-view is enabled by default. Therefore, database queries may be performed during view rendering. Explicitly configure spring.jpa.open-in-view to disable this warning
2024-11-12 14:04:39 [main] INFO  o.s.s.c.a.a.c.InitializeAuthenticationProviderBeanManagerConfigurer$InitializeAuthenticationProviderManagerConfigurer - Global AuthenticationManager configured with AuthenticationProvider bean with name provideAuthentication
2024-11-12 14:04:39 [main] WARN  o.s.s.c.a.a.c.InitializeUserDetailsBeanManagerConfigurer$InitializeUserDetailsManagerConfigurer - Global AuthenticationManager configured with an AuthenticationProvider bean. UserDetailsService beans will not be used for username/password login. Consider removing the AuthenticationProvider bean. Alternatively, consider using the UserDetailsService in a manually instantiated DaoAuthenticationProvider.
2024-11-12 14:04:41 [main] INFO  o.s.b.a.e.w.EndpointLinksResolver - Exposing 1 endpoint beneath base path '/actuator'
2024-11-12 14:04:41 [main] INFO  o.s.b.w.e.t.TomcatWebServer - Tomcat started on port 8080 (http) with context path '/api'
2024-11-12 14:04:41 [main] INFO  c.b.BiCartMain - Started BiCartMain in 11.387 seconds (process running for 12.611)
2024-11-12 14:04:42 [RMI TCP Connection(1)-192.168.16.208] INFO  o.a.c.c.C.[.[.[/api] - Initializing Spring DispatcherServlet 'dispatcherServlet'
2024-11-12 14:04:42 [RMI TCP Connection(1)-192.168.16.208] INFO  o.s.w.s.DispatcherServlet - Initializing Servlet 'dispatcherServlet'
2024-11-12 14:04:42 [RMI TCP Connection(1)-192.168.16.208] INFO  o.s.w.s.DispatcherServlet - Completed initialization in 3 ms
2024-11-12 14:05:27 [http-nio-8080-exec-3] INFO  c.b.s.UserService - Displayed user details for page : 0
2024-11-12 14:31:15 [http-nio-8080-exec-6] INFO  c.b.s.UserService - Retrieved user details for ID: 5f4d6265-5b4c-4015-bb52-154b8aa730d1
2024-11-12 14:31:39 [http-nio-8080-exec-7] INFO  c.b.s.AddressService - Displayed address details for user : 5f4d6265-5b4c-4015-bb52-154b8aa730d1
2024-11-12 14:33:24 [http-nio-8080-exec-10] INFO  c.b.s.CategoryService - Retrieved all Categories for the page : 0
2024-11-12 14:34:29 [http-nio-8080-exec-3] INFO  c.b.s.ReviewService - Displayed product's reviews for page : 0
2024-11-12 14:35:57 [http-nio-8080-exec-9] INFO  c.b.s.OrderService - Fetched orders for user id: 5f4d6265-5b4c-4015-bb52-154b8aa730d1
2024-11-12 14:38:50 [http-nio-8080-exec-1] WARN  c.b.s.OrderService - Order not found with id: 55e46104-ff3c-420c-9305-ade5f2eb2da2
2024-11-12 14:40:35 [SpringApplicationShutdownHook] INFO  o.s.o.j.LocalContainerEntityManagerFactoryBean - Closing JPA EntityManagerFactory for persistence unit 'default'
2024-11-12 14:40:35 [SpringApplicationShutdownHook] INFO  c.z.h.HikariDataSource - HikariPool-1 - Shutdown initiated...
2024-11-12 14:40:35 [SpringApplicationShutdownHook] INFO  c.z.h.HikariDataSource - HikariPool-1 - Shutdown completed.
2024-11-12 14:40:46 [main] INFO  c.b.BiCartMain - Starting BiCartMain using Java 21.0.4 with PID 12220 (C:\Users\gobi.jagadeesh\Desktop\Java\BiCart\target\classes started by gobi.jagadeesh in C:\Users\gobi.jagadeesh\Desktop\Java\BiCart)
2024-11-12 14:40:46 [main] INFO  c.b.BiCartMain - No active profile set, falling back to 1 default profile: "default"
2024-11-12 14:40:48 [main] INFO  o.s.d.r.c.RepositoryConfigurationDelegate - Bootstrapping Spring Data JPA repositories in DEFAULT mode.
2024-11-12 14:40:48 [main] INFO  o.s.d.r.c.RepositoryConfigurationDelegate - Finished Spring Data repository scanning in 242 ms. Found 13 JPA repository interfaces.
2024-11-12 14:40:49 [main] INFO  o.s.b.w.e.t.TomcatWebServer - Tomcat initialized with port 8080 (http)
2024-11-12 14:40:49 [main] INFO  o.a.c.c.StandardService - Starting service [Tomcat]
2024-11-12 14:40:49 [main] INFO  o.a.c.c.StandardEngine - Starting Servlet engine: [Apache Tomcat/10.1.30]
2024-11-12 14:40:49 [main] INFO  o.a.c.c.C.[.[.[/api] - Initializing Spring embedded WebApplicationContext
2024-11-12 14:40:49 [main] INFO  o.s.b.w.s.c.ServletWebServerApplicationContext - Root WebApplicationContext: initialization completed in 3612 ms
2024-11-12 14:40:50 [main] INFO  o.h.j.i.u.LogHelper - HHH000204: Processing PersistenceUnitInfo [name: default]
2024-11-12 14:40:50 [main] INFO  o.h.Version - HHH000412: Hibernate ORM core version 6.5.3.Final
2024-11-12 14:40:50 [main] INFO  o.h.c.i.RegionFactoryInitiator - HHH000026: Second-level cache disabled
2024-11-12 14:40:51 [main] INFO  o.s.o.j.p.SpringPersistenceUnitInfo - No LoadTimeWeaver setup: ignoring JPA class transformer
2024-11-12 14:40:51 [main] INFO  c.z.h.HikariDataSource - HikariPool-1 - Starting...
2024-11-12 14:40:51 [main] INFO  c.z.h.p.HikariPool - HikariPool-1 - Added connection com.mysql.cj.jdbc.ConnectionImpl@1e36baca
2024-11-12 14:40:51 [main] INFO  c.z.h.HikariDataSource - HikariPool-1 - Start completed.
2024-11-12 14:40:51 [main] WARN  o.h.o.deprecation - HHH90000025: MySQL8Dialect does not need to be specified explicitly using 'hibernate.dialect' (remove the property setting and it will be selected by default)
2024-11-12 14:40:51 [main] WARN  o.h.o.deprecation - HHH90000026: MySQL8Dialect has been deprecated; use org.hibernate.dialect.MySQLDialect instead
2024-11-12 14:40:53 [main] INFO  o.h.e.t.j.p.i.JtaPlatformInitiator - HHH000489: No JTA platform available (set 'hibernate.transaction.jta.platform' to enable JTA platform integration)
2024-11-12 14:40:54 [main] INFO  o.s.o.j.LocalContainerEntityManagerFactoryBean - Initialized JPA EntityManagerFactory for persistence unit 'default'
2024-11-12 14:40:54 [main] WARN  o.s.b.a.o.j.JpaBaseConfiguration$JpaWebConfiguration - spring.jpa.open-in-view is enabled by default. Therefore, database queries may be performed during view rendering. Explicitly configure spring.jpa.open-in-view to disable this warning
2024-11-12 14:40:55 [main] INFO  o.s.s.c.a.a.c.InitializeAuthenticationProviderBeanManagerConfigurer$InitializeAuthenticationProviderManagerConfigurer - Global AuthenticationManager configured with AuthenticationProvider bean with name provideAuthentication
2024-11-12 14:40:55 [main] WARN  o.s.s.c.a.a.c.InitializeUserDetailsBeanManagerConfigurer$InitializeUserDetailsManagerConfigurer - Global AuthenticationManager configured with an AuthenticationProvider bean. UserDetailsService beans will not be used for username/password login. Consider removing the AuthenticationProvider bean. Alternatively, consider using the UserDetailsService in a manually instantiated DaoAuthenticationProvider.
2024-11-12 14:40:56 [main] INFO  o.s.b.a.e.w.EndpointLinksResolver - Exposing 1 endpoint beneath base path '/actuator'
2024-11-12 14:40:57 [main] INFO  o.s.b.w.e.t.TomcatWebServer - Tomcat started on port 8080 (http) with context path '/api'
2024-11-12 14:40:57 [main] INFO  c.b.BiCartMain - Started BiCartMain in 11.904 seconds (process running for 12.887)
2024-11-12 14:40:58 [RMI TCP Connection(2)-192.168.13.135] INFO  o.a.c.c.C.[.[.[/api] - Initializing Spring DispatcherServlet 'dispatcherServlet'
2024-11-12 14:40:58 [RMI TCP Connection(2)-192.168.13.135] INFO  o.s.w.s.DispatcherServlet - Initializing Servlet 'dispatcherServlet'
2024-11-12 14:40:58 [RMI TCP Connection(2)-192.168.13.135] INFO  o.s.w.s.DispatcherServlet - Completed initialization in 3 ms
2024-11-12 14:48:53 [SpringApplicationShutdownHook] INFO  o.s.o.j.LocalContainerEntityManagerFactoryBean - Closing JPA EntityManagerFactory for persistence unit 'default'
2024-11-12 14:48:53 [SpringApplicationShutdownHook] INFO  c.z.h.HikariDataSource - HikariPool-1 - Shutdown initiated...
2024-11-12 14:48:53 [SpringApplicationShutdownHook] INFO  c.z.h.HikariDataSource - HikariPool-1 - Shutdown completed.
2024-11-12 14:49:09 [main] INFO  c.b.BiCartMain - Starting BiCartMain using Java 21.0.4 with PID 7312 (C:\Users\gobi.jagadeesh\Desktop\Java\BiCart\target\classes started by gobi.jagadeesh in C:\Users\gobi.jagadeesh\Desktop\Java\BiCart)
2024-11-12 14:49:09 [main] INFO  c.b.BiCartMain - No active profile set, falling back to 1 default profile: "default"
2024-11-12 14:49:11 [main] INFO  o.s.d.r.c.RepositoryConfigurationDelegate - Bootstrapping Spring Data JPA repositories in DEFAULT mode.
2024-11-12 14:49:11 [main] INFO  o.s.d.r.c.RepositoryConfigurationDelegate - Finished Spring Data repository scanning in 150 ms. Found 13 JPA repository interfaces.
2024-11-12 14:49:13 [main] INFO  o.s.b.w.e.t.TomcatWebServer - Tomcat initialized with port 8080 (http)
2024-11-12 14:49:13 [main] INFO  o.a.c.c.StandardService - Starting service [Tomcat]
2024-11-12 14:49:13 [main] INFO  o.a.c.c.StandardEngine - Starting Servlet engine: [Apache Tomcat/10.1.30]
2024-11-12 14:49:13 [main] INFO  o.a.c.c.C.[.[.[/api] - Initializing Spring embedded WebApplicationContext
2024-11-12 14:49:13 [main] INFO  o.s.b.w.s.c.ServletWebServerApplicationContext - Root WebApplicationContext: initialization completed in 3555 ms
2024-11-12 14:49:13 [main] INFO  o.h.j.i.u.LogHelper - HHH000204: Processing PersistenceUnitInfo [name: default]
2024-11-12 14:49:13 [main] INFO  o.h.Version - HHH000412: Hibernate ORM core version 6.5.3.Final
2024-11-12 14:49:13 [main] INFO  o.h.c.i.RegionFactoryInitiator - HHH000026: Second-level cache disabled
2024-11-12 14:49:14 [main] INFO  o.s.o.j.p.SpringPersistenceUnitInfo - No LoadTimeWeaver setup: ignoring JPA class transformer
2024-11-12 14:49:14 [main] INFO  c.z.h.HikariDataSource - HikariPool-1 - Starting...
2024-11-12 14:49:14 [main] INFO  c.z.h.p.HikariPool - HikariPool-1 - Added connection com.mysql.cj.jdbc.ConnectionImpl@79349b61
2024-11-12 14:49:14 [main] INFO  c.z.h.HikariDataSource - HikariPool-1 - Start completed.
2024-11-12 14:49:15 [main] WARN  o.h.o.deprecation - HHH90000025: MySQL8Dialect does not need to be specified explicitly using 'hibernate.dialect' (remove the property setting and it will be selected by default)
2024-11-12 14:49:15 [main] WARN  o.h.o.deprecation - HHH90000026: MySQL8Dialect has been deprecated; use org.hibernate.dialect.MySQLDialect instead
2024-11-12 14:49:17 [main] INFO  o.h.e.t.j.p.i.JtaPlatformInitiator - HHH000489: No JTA platform available (set 'hibernate.transaction.jta.platform' to enable JTA platform integration)
2024-11-12 14:49:18 [main] INFO  o.s.o.j.LocalContainerEntityManagerFactoryBean - Initialized JPA EntityManagerFactory for persistence unit 'default'
2024-11-12 14:49:18 [main] WARN  o.s.b.a.o.j.JpaBaseConfiguration$JpaWebConfiguration - spring.jpa.open-in-view is enabled by default. Therefore, database queries may be performed during view rendering. Explicitly configure spring.jpa.open-in-view to disable this warning
2024-11-12 14:49:19 [main] INFO  o.s.s.c.a.a.c.InitializeAuthenticationProviderBeanManagerConfigurer$InitializeAuthenticationProviderManagerConfigurer - Global AuthenticationManager configured with AuthenticationProvider bean with name provideAuthentication
2024-11-12 14:49:19 [main] WARN  o.s.s.c.a.a.c.InitializeUserDetailsBeanManagerConfigurer$InitializeUserDetailsManagerConfigurer - Global AuthenticationManager configured with an AuthenticationProvider bean. UserDetailsService beans will not be used for username/password login. Consider removing the AuthenticationProvider bean. Alternatively, consider using the UserDetailsService in a manually instantiated DaoAuthenticationProvider.
2024-11-12 14:49:20 [main] INFO  o.s.b.a.e.w.EndpointLinksResolver - Exposing 1 endpoint beneath base path '/actuator'
2024-11-12 14:49:21 [main] INFO  o.s.b.w.e.t.TomcatWebServer - Tomcat started on port 8080 (http) with context path '/api'
2024-11-12 14:49:21 [main] INFO  c.b.BiCartMain - Started BiCartMain in 12.836 seconds (process running for 14.131)
2024-11-12 14:49:22 [RMI TCP Connection(3)-192.168.13.135] INFO  o.a.c.c.C.[.[.[/api] - Initializing Spring DispatcherServlet 'dispatcherServlet'
2024-11-12 14:49:22 [RMI TCP Connection(3)-192.168.13.135] INFO  o.s.w.s.DispatcherServlet - Initializing Servlet 'dispatcherServlet'
2024-11-12 14:49:22 [RMI TCP Connection(3)-192.168.13.135] INFO  o.s.w.s.DispatcherServlet - Completed initialization in 5 ms
2024-11-12 14:53:02 [SpringApplicationShutdownHook] INFO  o.s.o.j.LocalContainerEntityManagerFactoryBean - Closing JPA EntityManagerFactory for persistence unit 'default'
2024-11-12 14:53:02 [SpringApplicationShutdownHook] INFO  c.z.h.HikariDataSource - HikariPool-1 - Shutdown initiated...
2024-11-12 14:53:02 [SpringApplicationShutdownHook] INFO  c.z.h.HikariDataSource - HikariPool-1 - Shutdown completed.
2024-11-12 14:53:13 [main] INFO  c.b.BiCartMain - Starting BiCartMain using Java 21.0.4 with PID 3712 (C:\Users\gobi.jagadeesh\Desktop\Java\BiCart\target\classes started by gobi.jagadeesh in C:\Users\gobi.jagadeesh\Desktop\Java\BiCart)
2024-11-12 14:53:13 [main] INFO  c.b.BiCartMain - No active profile set, falling back to 1 default profile: "default"
2024-11-12 14:53:15 [main] INFO  o.s.d.r.c.RepositoryConfigurationDelegate - Bootstrapping Spring Data JPA repositories in DEFAULT mode.
2024-11-12 14:53:16 [main] INFO  o.s.d.r.c.RepositoryConfigurationDelegate - Finished Spring Data repository scanning in 220 ms. Found 13 JPA repository interfaces.
2024-11-12 14:53:17 [main] INFO  o.s.b.w.e.t.TomcatWebServer - Tomcat initialized with port 8080 (http)
2024-11-12 14:53:17 [main] INFO  o.a.c.c.StandardService - Starting service [Tomcat]
2024-11-12 14:53:17 [main] INFO  o.a.c.c.StandardEngine - Starting Servlet engine: [Apache Tomcat/10.1.30]
2024-11-12 14:53:17 [main] INFO  o.a.c.c.C.[.[.[/api] - Initializing Spring embedded WebApplicationContext
2024-11-12 14:53:17 [main] INFO  o.s.b.w.s.c.ServletWebServerApplicationContext - Root WebApplicationContext: initialization completed in 3683 ms
2024-11-12 14:53:17 [main] INFO  o.h.j.i.u.LogHelper - HHH000204: Processing PersistenceUnitInfo [name: default]
2024-11-12 14:53:18 [main] INFO  o.h.Version - HHH000412: Hibernate ORM core version 6.5.3.Final
2024-11-12 14:53:18 [main] INFO  o.h.c.i.RegionFactoryInitiator - HHH000026: Second-level cache disabled
2024-11-12 14:53:18 [main] INFO  o.s.o.j.p.SpringPersistenceUnitInfo - No LoadTimeWeaver setup: ignoring JPA class transformer
2024-11-12 14:53:18 [main] INFO  c.z.h.HikariDataSource - HikariPool-1 - Starting...
2024-11-12 14:53:19 [main] INFO  c.z.h.p.HikariPool - HikariPool-1 - Added connection com.mysql.cj.jdbc.ConnectionImpl@62581ef6
2024-11-12 14:53:19 [main] INFO  c.z.h.HikariDataSource - HikariPool-1 - Start completed.
2024-11-12 14:53:19 [main] WARN  o.h.o.deprecation - HHH90000025: MySQL8Dialect does not need to be specified explicitly using 'hibernate.dialect' (remove the property setting and it will be selected by default)
2024-11-12 14:53:19 [main] WARN  o.h.o.deprecation - HHH90000026: MySQL8Dialect has been deprecated; use org.hibernate.dialect.MySQLDialect instead
2024-11-12 14:53:22 [main] INFO  o.h.e.t.j.p.i.JtaPlatformInitiator - HHH000489: No JTA platform available (set 'hibernate.transaction.jta.platform' to enable JTA platform integration)
2024-11-12 14:53:22 [main] INFO  o.s.o.j.LocalContainerEntityManagerFactoryBean - Initialized JPA EntityManagerFactory for persistence unit 'default'
2024-11-12 14:53:22 [main] WARN  o.s.b.a.o.j.JpaBaseConfiguration$JpaWebConfiguration - spring.jpa.open-in-view is enabled by default. Therefore, database queries may be performed during view rendering. Explicitly configure spring.jpa.open-in-view to disable this warning
2024-11-12 14:53:23 [main] INFO  o.s.s.c.a.a.c.InitializeAuthenticationProviderBeanManagerConfigurer$InitializeAuthenticationProviderManagerConfigurer - Global AuthenticationManager configured with AuthenticationProvider bean with name provideAuthentication
2024-11-12 14:53:23 [main] WARN  o.s.s.c.a.a.c.InitializeUserDetailsBeanManagerConfigurer$InitializeUserDetailsManagerConfigurer - Global AuthenticationManager configured with an AuthenticationProvider bean. UserDetailsService beans will not be used for username/password login. Consider removing the AuthenticationProvider bean. Alternatively, consider using the UserDetailsService in a manually instantiated DaoAuthenticationProvider.
2024-11-12 14:53:25 [main] INFO  o.s.b.a.e.w.EndpointLinksResolver - Exposing 1 endpoint beneath base path '/actuator'
2024-11-12 14:53:26 [main] INFO  o.s.b.w.e.t.TomcatWebServer - Tomcat started on port 8080 (http) with context path '/api'
2024-11-12 14:53:26 [main] INFO  c.b.BiCartMain - Started BiCartMain in 13.763 seconds (process running for 14.809)
2024-11-12 14:53:27 [RMI TCP Connection(1)-192.168.13.135] INFO  o.a.c.c.C.[.[.[/api] - Initializing Spring DispatcherServlet 'dispatcherServlet'
2024-11-12 14:53:27 [RMI TCP Connection(1)-192.168.13.135] INFO  o.s.w.s.DispatcherServlet - Initializing Servlet 'dispatcherServlet'
2024-11-12 14:53:27 [RMI TCP Connection(1)-192.168.13.135] INFO  o.s.w.s.DispatcherServlet - Completed initialization in 0 ms
2024-11-12 14:55:44 [SpringApplicationShutdownHook] INFO  o.s.o.j.LocalContainerEntityManagerFactoryBean - Closing JPA EntityManagerFactory for persistence unit 'default'
2024-11-12 14:55:44 [SpringApplicationShutdownHook] INFO  c.z.h.HikariDataSource - HikariPool-1 - Shutdown initiated...
2024-11-12 14:55:44 [SpringApplicationShutdownHook] INFO  c.z.h.HikariDataSource - HikariPool-1 - Shutdown completed.
2024-11-12 14:55:54 [main] INFO  c.b.BiCartMain - Starting BiCartMain using Java 21.0.4 with PID 1204 (C:\Users\gobi.jagadeesh\Desktop\Java\BiCart\target\classes started by gobi.jagadeesh in C:\Users\gobi.jagadeesh\Desktop\Java\BiCart)
2024-11-12 14:55:54 [main] INFO  c.b.BiCartMain - No active profile set, falling back to 1 default profile: "default"
2024-11-12 14:55:55 [main] INFO  o.s.d.r.c.RepositoryConfigurationDelegate - Bootstrapping Spring Data JPA repositories in DEFAULT mode.
2024-11-12 14:55:56 [main] INFO  o.s.d.r.c.RepositoryConfigurationDelegate - Finished Spring Data repository scanning in 144 ms. Found 13 JPA repository interfaces.
2024-11-12 14:55:57 [main] INFO  o.s.b.w.e.t.TomcatWebServer - Tomcat initialized with port 8080 (http)
2024-11-12 14:55:57 [main] INFO  o.a.c.c.StandardService - Starting service [Tomcat]
2024-11-12 14:55:57 [main] INFO  o.a.c.c.StandardEngine - Starting Servlet engine: [Apache Tomcat/10.1.30]
2024-11-12 14:55:57 [main] INFO  o.a.c.c.C.[.[.[/api] - Initializing Spring embedded WebApplicationContext
2024-11-12 14:55:57 [main] INFO  o.s.b.w.s.c.ServletWebServerApplicationContext - Root WebApplicationContext: initialization completed in 3262 ms
2024-11-12 14:55:57 [main] INFO  o.h.j.i.u.LogHelper - HHH000204: Processing PersistenceUnitInfo [name: default]
2024-11-12 14:55:58 [main] INFO  o.h.Version - HHH000412: Hibernate ORM core version 6.5.3.Final
2024-11-12 14:55:58 [main] INFO  o.h.c.i.RegionFactoryInitiator - HHH000026: Second-level cache disabled
2024-11-12 14:55:58 [main] INFO  o.s.o.j.p.SpringPersistenceUnitInfo - No LoadTimeWeaver setup: ignoring JPA class transformer
2024-11-12 14:55:58 [main] INFO  c.z.h.HikariDataSource - HikariPool-1 - Starting...
2024-11-12 14:55:59 [main] INFO  c.z.h.p.HikariPool - HikariPool-1 - Added connection com.mysql.cj.jdbc.ConnectionImpl@64a7ad02
2024-11-12 14:55:59 [main] INFO  c.z.h.HikariDataSource - HikariPool-1 - Start completed.
2024-11-12 14:55:59 [main] WARN  o.h.o.deprecation - HHH90000025: MySQL8Dialect does not need to be specified explicitly using 'hibernate.dialect' (remove the property setting and it will be selected by default)
2024-11-12 14:55:59 [main] WARN  o.h.o.deprecation - HHH90000026: MySQL8Dialect has been deprecated; use org.hibernate.dialect.MySQLDialect instead
2024-11-12 14:56:01 [main] INFO  o.h.e.t.j.p.i.JtaPlatformInitiator - HHH000489: No JTA platform available (set 'hibernate.transaction.jta.platform' to enable JTA platform integration)
2024-11-12 14:56:01 [main] INFO  o.s.o.j.LocalContainerEntityManagerFactoryBean - Initialized JPA EntityManagerFactory for persistence unit 'default'
2024-11-12 14:56:02 [main] WARN  o.s.b.a.o.j.JpaBaseConfiguration$JpaWebConfiguration - spring.jpa.open-in-view is enabled by default. Therefore, database queries may be performed during view rendering. Explicitly configure spring.jpa.open-in-view to disable this warning
2024-11-12 14:56:02 [main] INFO  o.s.s.c.a.a.c.InitializeAuthenticationProviderBeanManagerConfigurer$InitializeAuthenticationProviderManagerConfigurer - Global AuthenticationManager configured with AuthenticationProvider bean with name provideAuthentication
2024-11-12 14:56:02 [main] WARN  o.s.s.c.a.a.c.InitializeUserDetailsBeanManagerConfigurer$InitializeUserDetailsManagerConfigurer - Global AuthenticationManager configured with an AuthenticationProvider bean. UserDetailsService beans will not be used for username/password login. Consider removing the AuthenticationProvider bean. Alternatively, consider using the UserDetailsService in a manually instantiated DaoAuthenticationProvider.
2024-11-12 14:56:03 [main] INFO  o.s.b.a.e.w.EndpointLinksResolver - Exposing 1 endpoint beneath base path '/actuator'
2024-11-12 14:56:04 [main] INFO  o.s.b.w.e.t.TomcatWebServer - Tomcat started on port 8080 (http) with context path '/api'
2024-11-12 14:56:04 [main] INFO  c.b.BiCartMain - Started BiCartMain in 11.348 seconds (process running for 12.382)
2024-11-12 14:56:05 [RMI TCP Connection(3)-192.168.13.135] INFO  o.a.c.c.C.[.[.[/api] - Initializing Spring DispatcherServlet 'dispatcherServlet'
2024-11-12 14:56:05 [RMI TCP Connection(3)-192.168.13.135] INFO  o.s.w.s.DispatcherServlet - Initializing Servlet 'dispatcherServlet'
2024-11-12 14:56:05 [RMI TCP Connection(3)-192.168.13.135] INFO  o.s.w.s.DispatcherServlet - Completed initialization in 3 ms
2024-11-12 18:29:48 [HikariPool-1 housekeeper] WARN  c.z.h.p.HikariPool - HikariPool-1 - Thread starvation or clock leap detected (housekeeper delta=21m46s105ms154s300ns).
2024-11-12 19:17:48 [SpringApplicationShutdownHook] INFO  o.s.o.j.LocalContainerEntityManagerFactoryBean - Closing JPA EntityManagerFactory for persistence unit 'default'
2024-11-12 19:17:48 [SpringApplicationShutdownHook] INFO  c.z.h.HikariDataSource - HikariPool-1 - Shutdown initiated...
2024-11-12 19:17:48 [SpringApplicationShutdownHook] INFO  c.z.h.HikariDataSource - HikariPool-1 - Shutdown completed.
